2025-02-21 02:46:40 INFO  c.c.core.controller.RideController - Request to end ride for passenger: 1
2025-02-21 02:46:40 INFO  c.c.core.controller.RideController - Request to start ride for passenger: 1
2025-02-21 02:46:40 INFO  c.c.core.controller.RideController - Request to reserve ride for passenger: null, driver: null
2025-02-21 02:46:40 INFO  o.s.t.c.s.AnnotationConfigContextLoaderUtils - Could not detect default configuration classes for test class [com.crew.core.RideApplicationTests]: RideApplicationTests does not declare any static, non-private, non-final, nested classes annotated with @Configuration.
2025-02-21 02:46:40 INFO  o.s.b.t.c.SpringBootTestContextBootstrapper - Found @SpringBootConfiguration com.crew.core.RideApplication for test class com.crew.core.RideApplicationTests
2025-02-21 02:46:41 INFO  o.s.b.d.r.RestartApplicationListener - Restart disabled due to context in which it is running
2025-02-21 02:46:42 INFO  com.crew.core.RideApplicationTests - Starting RideApplicationTests using Java 17.0.12 with PID 744 (started by Мария in C:\Modsen\Spring_Resources\Spring_Resources\Spring_Resources\ride-service)
2025-02-21 02:46:42 INFO  com.crew.core.RideApplicationTests - No active profile set, falling back to 1 default profile: "default"
2025-02-21 02:46:43 INFO  o.s.d.r.c.RepositoryConfigurationDelegate - Bootstrapping Spring Data MongoDB repositories in DEFAULT mode.
2025-02-21 02:46:44 INFO  o.s.d.r.c.RepositoryConfigurationDelegate - Finished Spring Data repository scanning in 122 ms. Found 1 MongoDB repository interface.
2025-02-21 02:46:45 INFO  org.mongodb.driver.client - MongoClient with metadata {"driver": {"name": "mongo-java-driver|sync|spring-boot", "version": "5.2.1"}, "os": {"type": "Windows", "name": "Windows 10", "architecture": "amd64", "version": "10.0"}, "platform": "Java/Oracle Corporation/17.0.12+8-LTS-286"} created with settings MongoClientSettings{readPreference=primary, writeConcern=WriteConcern{w=null, wTimeout=null ms, journal=null}, retryWrites=true, retryReads=true, readConcern=ReadConcern{level=null}, credential=null, transportSettings=null, commandListeners=[], codecRegistry=ProvidersCodecRegistry{codecProviders=[ValueCodecProvider{}, BsonValueCodecProvider{}, DBRefCodecProvider{}, DBObjectCodecProvider{}, DocumentCodecProvider{}, CollectionCodecProvider{}, IterableCodecProvider{}, MapCodecProvider{}, GeoJsonCodecProvider{}, GridFSFileCodecProvider{}, Jsr310CodecProvider{}, JsonObjectCodecProvider{}, BsonCodecProvider{}, EnumCodecProvider{}, com.mongodb.client.model.mql.ExpressionCodecProvider@1f75fd1d, com.mongodb.Jep395RecordCodecProvider@212e39ee, com.mongodb.KotlinCodecProvider@638d2ce3]}, loggerSettings=LoggerSettings{maxDocumentLength=1000}, clusterSettings={hosts=[localhost:27017], srvServiceName=mongodb, mode=SINGLE, requiredClusterType=UNKNOWN, requiredReplicaSetName='null', serverSelector='null', clusterListeners='[]', serverSelectionTimeout='30000 ms', localThreshold='15 ms'}, socketSettings=SocketSettings{connectTimeoutMS=10000, readTimeoutMS=0, receiveBufferSize=0, proxySettings=ProxySettings{host=null, port=null, username=null, password=null}}, heartbeatSocketSettings=SocketSettings{connectTimeoutMS=10000, readTimeoutMS=10000, receiveBufferSize=0, proxySettings=ProxySettings{host=null, port=null, username=null, password=null}}, connectionPoolSettings=ConnectionPoolSettings{maxSize=100, minSize=0, maxWaitTimeMS=120000, maxConnectionLifeTimeMS=0, maxConnectionIdleTimeMS=0, maintenanceInitialDelayMS=0, maintenanceFrequencyMS=60000, connectionPoolListeners=[], maxConnecting=2}, serverSettings=ServerSettings{heartbeatFrequencyMS=10000, minHeartbeatFrequencyMS=500, serverMonitoringMode=AUTO, serverListeners='[]', serverMonitorListeners='[]'}, sslSettings=SslSettings{enabled=false, invalidHostNameAllowed=false, context=null}, applicationName='null', compressorList=[], uuidRepresentation=JAVA_LEGACY, serverApi=null, autoEncryptionSettings=null, dnsClient=null, inetAddressResolver=null, contextProvider=null, timeoutMS=null}
2025-02-21 02:46:45 INFO  org.mongodb.driver.cluster - Monitor thread successfully connected to server with description ServerDescription{address=localhost:27017, type=STANDALONE, cryptd=false, state=CONNECTED, ok=true, minWireVersion=0, maxWireVersion=25, maxDocumentSize=16777216, logicalSessionTimeoutMinutes=30, roundTripTimeNanos=40773300, minRoundTripTimeNanos=0}
2025-02-21 02:46:46 WARN  o.s.b.a.s.s.UserDetailsServiceAutoConfiguration - 

Using generated security password: 549b4c5d-7b89-4856-8e87-82d37b476fbc

This generated password is for development use only. Your security configuration must be updated before running your application in production.

2025-02-21 02:46:46 INFO  o.s.s.c.a.a.c.InitializeUserDetailsBeanManagerConfigurer$InitializeUserDetailsManagerConfigurer - Global AuthenticationManager configured with UserDetailsService bean with name inMemoryUserDetailsManager
2025-02-21 02:46:48 INFO  o.s.v.b.OptionalValidatorFactoryBean - Failed to set up a Bean Validation provider: jakarta.validation.NoProviderFoundException: Unable to create a Configuration, because no Jakarta Bean Validation provider could be found. Add a provider like Hibernate Validator (RI) to your classpath.
2025-02-21 02:46:48 INFO  o.a.k.c.consumer.ConsumerConfig - ConsumerConfig values: 
	allow.auto.create.topics = true
	auto.commit.interval.ms = 5000
	auto.offset.reset = latest
	bootstrap.servers = [localhost:9092]
	check.crcs = true
	client.dns.lookup = use_all_dns_ips
	client.id = consumer-ride-group-1
	client.rack = 
	connections.max.idle.ms = 540000
	default.api.timeout.ms = 60000
	enable.auto.commit = false
	exclude.internal.topics = true
	fetch.max.bytes = 52428800
	fetch.max.wait.ms = 500
	fetch.min.bytes = 1
	group.id = ride-group
	group.instance.id = null
	heartbeat.interval.ms = 3000
	interceptor.classes = []
	internal.leave.group.on.close = true
	internal.throw.on.fetch.stable.offset.unsupported = false
	isolation.level = read_uncommitted
	key.deserializer = class org.apache.kafka.common.serialization.StringDeserializer
	max.partition.fetch.bytes = 1048576
	max.poll.interval.ms = 300000
	max.poll.records = 500
	metadata.max.age.ms = 300000
	metric.reporters = []
	metrics.num.samples = 2
	metrics.recording.level = INFO
	metrics.sample.window.ms = 30000
	partition.assignment.strategy = [class org.apache.kafka.clients.consumer.RangeAssignor, class org.apache.kafka.clients.consumer.CooperativeStickyAssignor]
	receive.buffer.bytes = 65536
	reconnect.backoff.max.ms = 1000
	reconnect.backoff.ms = 50
	request.timeout.ms = 30000
	retry.backoff.ms = 100
	sasl.client.callback.handler.class = null
	sasl.jaas.config = null
	sasl.kerberos.kinit.cmd = /usr/bin/kinit
	sasl.kerberos.min.time.before.relogin = 60000
	sasl.kerberos.service.name = null
	sasl.kerberos.ticket.renew.jitter = 0.05
	sasl.kerberos.ticket.renew.window.factor = 0.8
	sasl.login.callback.handler.class = null
	sasl.login.class = null
	sasl.login.connect.timeout.ms = null
	sasl.login.read.timeout.ms = null
	sasl.login.refresh.buffer.seconds = 300
	sasl.login.refresh.min.period.seconds = 60
	sasl.login.refresh.window.factor = 0.8
	sasl.login.refresh.window.jitter = 0.05
	sasl.login.retry.backoff.max.ms = 10000
	sasl.login.retry.backoff.ms = 100
	sasl.mechanism = GSSAPI
	sasl.oauthbearer.clock.skew.seconds = 30
	sasl.oauthbearer.expected.audience = null
	sasl.oauthbearer.expected.issuer = null
	sasl.oauthbearer.jwks.endpoint.refresh.ms = 3600000
	sasl.oauthbearer.jwks.endpoint.retry.backoff.max.ms = 10000
	sasl.oauthbearer.jwks.endpoint.retry.backoff.ms = 100
	sasl.oauthbearer.jwks.endpoint.url = null
	sasl.oauthbearer.scope.claim.name = scope
	sasl.oauthbearer.sub.claim.name = sub
	sasl.oauthbearer.token.endpoint.url = null
	security.protocol = PLAINTEXT
	security.providers = null
	send.buffer.bytes = 131072
	session.timeout.ms = 45000
	socket.connection.setup.timeout.max.ms = 30000
	socket.connection.setup.timeout.ms = 10000
	ssl.cipher.suites = null
	ssl.enabled.protocols = [TLSv1.2, TLSv1.3]
	ssl.endpoint.identification.algorithm = https
	ssl.engine.factory.class = null
	ssl.key.password = null
	ssl.keymanager.algorithm = SunX509
	ssl.keystore.certificate.chain = null
	ssl.keystore.key = null
	ssl.keystore.location = null
	ssl.keystore.password = null
	ssl.keystore.type = JKS
	ssl.protocol = TLSv1.3
	ssl.provider = null
	ssl.secure.random.implementation = null
	ssl.trustmanager.algorithm = PKIX
	ssl.truststore.certificates = null
	ssl.truststore.location = null
	ssl.truststore.password = null
	ssl.truststore.type = JKS
	value.deserializer = class org.apache.kafka.common.serialization.StringDeserializer

2025-02-21 02:46:49 INFO  o.a.kafka.common.utils.AppInfoParser - Kafka version: 3.3.0
2025-02-21 02:46:49 INFO  o.a.kafka.common.utils.AppInfoParser - Kafka commitId: 9d1f9f77642d7e95
2025-02-21 02:46:49 INFO  o.a.kafka.common.utils.AppInfoParser - Kafka startTimeMs: 1740095209369
2025-02-21 02:46:49 INFO  o.s.k.c.DefaultKafkaConsumerFactory$ExtendedKafkaConsumer - [Consumer clientId=consumer-ride-group-1, groupId=ride-group] Subscribed to topic(s): driver-events
2025-02-21 02:46:49 INFO  o.a.k.c.consumer.ConsumerConfig - ConsumerConfig values: 
	allow.auto.create.topics = true
	auto.commit.interval.ms = 5000
	auto.offset.reset = latest
	bootstrap.servers = [localhost:9092]
	check.crcs = true
	client.dns.lookup = use_all_dns_ips
	client.id = consumer-ride-group-2
	client.rack = 
	connections.max.idle.ms = 540000
	default.api.timeout.ms = 60000
	enable.auto.commit = false
	exclude.internal.topics = true
	fetch.max.bytes = 52428800
	fetch.max.wait.ms = 500
	fetch.min.bytes = 1
	group.id = ride-group
	group.instance.id = null
	heartbeat.interval.ms = 3000
	interceptor.classes = []
	internal.leave.group.on.close = true
	internal.throw.on.fetch.stable.offset.unsupported = false
	isolation.level = read_uncommitted
	key.deserializer = class org.apache.kafka.common.serialization.StringDeserializer
	max.partition.fetch.bytes = 1048576
	max.poll.interval.ms = 300000
	max.poll.records = 500
	metadata.max.age.ms = 300000
	metric.reporters = []
	metrics.num.samples = 2
	metrics.recording.level = INFO
	metrics.sample.window.ms = 30000
	partition.assignment.strategy = [class org.apache.kafka.clients.consumer.RangeAssignor, class org.apache.kafka.clients.consumer.CooperativeStickyAssignor]
	receive.buffer.bytes = 65536
	reconnect.backoff.max.ms = 1000
	reconnect.backoff.ms = 50
	request.timeout.ms = 30000
	retry.backoff.ms = 100
	sasl.client.callback.handler.class = null
	sasl.jaas.config = null
	sasl.kerberos.kinit.cmd = /usr/bin/kinit
	sasl.kerberos.min.time.before.relogin = 60000
	sasl.kerberos.service.name = null
	sasl.kerberos.ticket.renew.jitter = 0.05
	sasl.kerberos.ticket.renew.window.factor = 0.8
	sasl.login.callback.handler.class = null
	sasl.login.class = null
	sasl.login.connect.timeout.ms = null
	sasl.login.read.timeout.ms = null
	sasl.login.refresh.buffer.seconds = 300
	sasl.login.refresh.min.period.seconds = 60
	sasl.login.refresh.window.factor = 0.8
	sasl.login.refresh.window.jitter = 0.05
	sasl.login.retry.backoff.max.ms = 10000
	sasl.login.retry.backoff.ms = 100
	sasl.mechanism = GSSAPI
	sasl.oauthbearer.clock.skew.seconds = 30
	sasl.oauthbearer.expected.audience = null
	sasl.oauthbearer.expected.issuer = null
	sasl.oauthbearer.jwks.endpoint.refresh.ms = 3600000
	sasl.oauthbearer.jwks.endpoint.retry.backoff.max.ms = 10000
	sasl.oauthbearer.jwks.endpoint.retry.backoff.ms = 100
	sasl.oauthbearer.jwks.endpoint.url = null
	sasl.oauthbearer.scope.claim.name = scope
	sasl.oauthbearer.sub.claim.name = sub
	sasl.oauthbearer.token.endpoint.url = null
	security.protocol = PLAINTEXT
	security.providers = null
	send.buffer.bytes = 131072
	session.timeout.ms = 45000
	socket.connection.setup.timeout.max.ms = 30000
	socket.connection.setup.timeout.ms = 10000
	ssl.cipher.suites = null
	ssl.enabled.protocols = [TLSv1.2, TLSv1.3]
	ssl.endpoint.identification.algorithm = https
	ssl.engine.factory.class = null
	ssl.key.password = null
	ssl.keymanager.algorithm = SunX509
	ssl.keystore.certificate.chain = null
	ssl.keystore.key = null
	ssl.keystore.location = null
	ssl.keystore.password = null
	ssl.keystore.type = JKS
	ssl.protocol = TLSv1.3
	ssl.provider = null
	ssl.secure.random.implementation = null
	ssl.trustmanager.algorithm = PKIX
	ssl.truststore.certificates = null
	ssl.truststore.location = null
	ssl.truststore.password = null
	ssl.truststore.type = JKS
	value.deserializer = class org.apache.kafka.common.serialization.StringDeserializer

2025-02-21 02:46:49 INFO  o.a.kafka.common.utils.AppInfoParser - Kafka version: 3.3.0
2025-02-21 02:46:49 INFO  o.a.kafka.common.utils.AppInfoParser - Kafka commitId: 9d1f9f77642d7e95
2025-02-21 02:46:49 INFO  o.a.kafka.common.utils.AppInfoParser - Kafka startTimeMs: 1740095209430
2025-02-21 02:46:49 INFO  o.s.k.c.DefaultKafkaConsumerFactory$ExtendedKafkaConsumer - [Consumer clientId=consumer-ride-group-2, groupId=ride-group] Subscribed to topic(s): passenger-events
2025-02-21 02:46:49 INFO  com.crew.core.RideApplicationTests - Started RideApplicationTests in 8.052 seconds (process running for 13.189)
2025-02-21 02:46:49 INFO  com.crew.core.service.RideService - Ending ride for passenger: 1
2025-02-21 02:46:50 INFO  com.crew.core.service.RideService - Getting ride history for passenger: 1
2025-02-21 02:46:50 INFO  com.crew.core.service.RideService - Starting ride for passenger: 1
2025-02-21 02:46:50 INFO  com.crew.core.service.RideService - Reserving ride for passenger: null
2025-02-21 02:46:50 INFO  o.apache.kafka.clients.NetworkClient - [Consumer clientId=consumer-ride-group-2, groupId=ride-group] Node -1 disconnected.
2025-02-21 02:46:50 INFO  o.apache.kafka.clients.NetworkClient - [Consumer clientId=consumer-ride-group-1, groupId=ride-group] Node -1 disconnected.
2025-02-21 02:46:50 WARN  o.apache.kafka.clients.NetworkClient - [Consumer clientId=consumer-ride-group-1, groupId=ride-group] Connection to node -1 (localhost/127.0.0.1:9092) could not be established. Broker may not be available.
2025-02-21 02:46:50 WARN  o.apache.kafka.clients.NetworkClient - [Consumer clientId=consumer-ride-group-2, groupId=ride-group] Connection to node -1 (localhost/127.0.0.1:9092) could not be established. Broker may not be available.
2025-02-21 02:46:50 WARN  o.apache.kafka.clients.NetworkClient - [Consumer clientId=consumer-ride-group-2, groupId=ride-group] Bootstrap broker localhost:9092 (id: -1 rack: null) disconnected
2025-02-21 02:46:50 WARN  o.apache.kafka.clients.NetworkClient - [Consumer clientId=consumer-ride-group-1, groupId=ride-group] Bootstrap broker localhost:9092 (id: -1 rack: null) disconnected
2025-02-21 02:46:50 INFO  o.a.k.c.c.i.ConsumerCoordinator - [Consumer clientId=consumer-ride-group-2, groupId=ride-group] Resetting generation and member id due to: consumer pro-actively leaving the group
2025-02-21 02:46:50 INFO  o.a.k.c.c.i.ConsumerCoordinator - [Consumer clientId=consumer-ride-group-1, groupId=ride-group] Resetting generation and member id due to: consumer pro-actively leaving the group
2025-02-21 02:46:50 INFO  o.a.k.c.c.i.ConsumerCoordinator - [Consumer clientId=consumer-ride-group-2, groupId=ride-group] Request joining group due to: consumer pro-actively leaving the group
2025-02-21 02:46:50 INFO  o.a.k.c.c.i.ConsumerCoordinator - [Consumer clientId=consumer-ride-group-1, groupId=ride-group] Request joining group due to: consumer pro-actively leaving the group
2025-02-21 02:46:50 INFO  o.s.k.c.DefaultKafkaConsumerFactory$ExtendedKafkaConsumer - [Consumer clientId=consumer-ride-group-2, groupId=ride-group] Unsubscribed all topics or patterns and assigned partitions
2025-02-21 02:46:50 INFO  o.s.k.c.DefaultKafkaConsumerFactory$ExtendedKafkaConsumer - [Consumer clientId=consumer-ride-group-1, groupId=ride-group] Unsubscribed all topics or patterns and assigned partitions
2025-02-21 02:46:50 INFO  o.a.k.c.c.i.ConsumerCoordinator - [Consumer clientId=consumer-ride-group-1, groupId=ride-group] Resetting generation and member id due to: consumer pro-actively leaving the group
2025-02-21 02:46:50 INFO  o.a.k.c.c.i.ConsumerCoordinator - [Consumer clientId=consumer-ride-group-2, groupId=ride-group] Resetting generation and member id due to: consumer pro-actively leaving the group
2025-02-21 02:46:50 INFO  o.a.k.c.c.i.ConsumerCoordinator - [Consumer clientId=consumer-ride-group-1, groupId=ride-group] Request joining group due to: consumer pro-actively leaving the group
2025-02-21 02:46:50 INFO  o.a.k.c.c.i.ConsumerCoordinator - [Consumer clientId=consumer-ride-group-2, groupId=ride-group] Request joining group due to: consumer pro-actively leaving the group
2025-02-21 02:46:50 INFO  o.a.kafka.common.metrics.Metrics - Metrics scheduler closed
2025-02-21 02:46:50 INFO  o.a.kafka.common.metrics.Metrics - Metrics scheduler closed
2025-02-21 02:46:50 INFO  o.a.kafka.common.metrics.Metrics - Closing reporter org.apache.kafka.common.metrics.JmxReporter
2025-02-21 02:46:50 INFO  o.a.kafka.common.metrics.Metrics - Closing reporter org.apache.kafka.common.metrics.JmxReporter
2025-02-21 02:46:50 INFO  o.a.kafka.common.metrics.Metrics - Metrics reporters closed
2025-02-21 02:46:50 INFO  o.a.kafka.common.metrics.Metrics - Metrics reporters closed
2025-02-21 02:46:50 INFO  o.a.kafka.common.utils.AppInfoParser - App info kafka.consumer for consumer-ride-group-1 unregistered
2025-02-21 02:46:50 INFO  o.a.kafka.common.utils.AppInfoParser - App info kafka.consumer for consumer-ride-group-2 unregistered
2025-02-21 02:46:50 INFO  o.s.k.l.KafkaMessageListenerContainer - ride-group: Consumer stopped
2025-02-21 02:46:50 INFO  o.s.k.l.KafkaMessageListenerContainer - ride-group: Consumer stopped
