2025-02-19 10:05:04 INFO  o.h.validator.internal.util.Version - HV000001: Hibernate Validator 7.0.1.Final
2025-02-19 10:05:04 INFO  c.example.core.PassengerApplication - Starting PassengerApplication using Java 23 with PID 9896 (C:\Modsen\Spring_Resources\Spring_Resources\Spring_Resources\passenger-service\target\classes started by Мария in C:\Modsen\Spring_Resources\Spring_Resources\Spring_Resources\passenger-service)
2025-02-19 10:05:04 INFO  c.example.core.PassengerApplication - No active profile set, falling back to 1 default profile: "default"
2025-02-19 10:05:07 INFO  o.s.d.r.c.RepositoryConfigurationDelegate - Bootstrapping Spring Data JPA repositories in DEFAULT mode.
2025-02-19 10:05:07 INFO  o.s.d.r.c.RepositoryConfigurationDelegate - Finished Spring Data repository scanning in 158 ms. Found 1 JPA repository interface.
2025-02-19 10:05:08 INFO  o.s.b.w.e.tomcat.TomcatWebServer - Tomcat initialized with port 8080 (http)
2025-02-19 10:05:08 INFO  o.a.coyote.http11.Http11NioProtocol - Initializing ProtocolHandler ["http-nio-8080"]
2025-02-19 10:05:08 INFO  o.a.catalina.core.StandardService - Starting service [Tomcat]
2025-02-19 10:05:08 INFO  o.a.catalina.core.StandardEngine - Starting Servlet engine: [Apache Tomcat/10.1.34]
2025-02-19 10:05:08 INFO  o.a.c.c.C.[Tomcat].[localhost].[/] - Initializing Spring embedded WebApplicationContext
2025-02-19 10:05:08 INFO  o.s.b.w.s.c.ServletWebServerApplicationContext - Root WebApplicationContext: initialization completed in 3663 ms
2025-02-19 10:05:08 INFO  com.zaxxer.hikari.HikariDataSource - HikariPool-1 - Starting...
2025-02-19 10:05:09 INFO  com.zaxxer.hikari.pool.HikariPool - HikariPool-1 - Added connection org.postgresql.jdbc.PgConnection@4a2bf50f
2025-02-19 10:05:09 INFO  com.zaxxer.hikari.HikariDataSource - HikariPool-1 - Start completed.
2025-02-19 10:05:09 INFO  o.h.jpa.internal.util.LogHelper - HHH000204: Processing PersistenceUnitInfo [name: default]
2025-02-19 10:05:09 INFO  org.hibernate.Version - HHH000412: Hibernate ORM core version 6.2.0.Final
2025-02-19 10:05:09 INFO  org.hibernate.cfg.Environment - HHH000406: Using bytecode reflection optimizer
2025-02-19 10:05:10 INFO  o.h.b.i.BytecodeProviderInitiator - HHH000021: Bytecode provider name : bytebuddy
2025-02-19 10:05:10 INFO  o.s.o.j.p.SpringPersistenceUnitInfo - No LoadTimeWeaver setup: ignoring JPA class transformer
2025-02-19 10:05:10 INFO  SQL dialect - HHH000400: Using dialect: org.hibernate.dialect.PostgreSQLDialect
2025-02-19 10:05:11 INFO  o.h.b.i.BytecodeProviderInitiator - HHH000021: Bytecode provider name : bytebuddy
2025-02-19 10:05:12 INFO  o.h.e.t.j.p.i.JtaPlatformInitiator - HHH000490: Using JtaPlatform implementation: [org.hibernate.engine.transaction.jta.platform.internal.NoJtaPlatform]
2025-02-19 10:05:12 INFO  o.s.o.j.LocalContainerEntityManagerFactoryBean - Initialized JPA EntityManagerFactory for persistence unit 'default'
2025-02-19 10:05:13 WARN  o.s.b.a.o.j.JpaBaseConfiguration$JpaWebConfiguration - spring.jpa.open-in-view is enabled by default. Therefore, database queries may be performed during view rendering. Explicitly configure spring.jpa.open-in-view to disable this warning
2025-02-19 10:05:14 INFO  o.a.coyote.http11.Http11NioProtocol - Starting ProtocolHandler ["http-nio-8080"]
2025-02-19 10:05:15 INFO  o.s.b.w.e.tomcat.TomcatWebServer - Tomcat started on port 8080 (http) with context path '/'
2025-02-19 10:05:15 INFO  c.example.core.PassengerApplication - Started PassengerApplication in 11.175 seconds (process running for 14.705)
2025-02-19 10:05:25 INFO  o.s.b.w.e.tomcat.GracefulShutdown - Commencing graceful shutdown. Waiting for active requests to complete
2025-02-19 10:05:25 INFO  o.s.b.w.e.tomcat.GracefulShutdown - Graceful shutdown complete
2025-02-19 10:05:25 INFO  o.s.o.j.LocalContainerEntityManagerFactoryBean - Closing JPA EntityManagerFactory for persistence unit 'default'
2025-02-19 10:05:25 INFO  com.zaxxer.hikari.HikariDataSource - HikariPool-1 - Shutdown initiated...
2025-02-19 10:05:25 INFO  com.zaxxer.hikari.HikariDataSource - HikariPool-1 - Shutdown completed.
2025-02-19 10:34:57 INFO  o.h.validator.internal.util.Version - HV000001: Hibernate Validator 7.0.1.Final
2025-02-19 10:34:57 INFO  c.example.core.PassengerApplication - Starting PassengerApplication using Java 23 with PID 16024 (C:\Modsen\Spring_Resources\Spring_Resources\Spring_Resources\passenger-service\target\classes started by Мария in C:\Modsen\Spring_Resources\Spring_Resources\Spring_Resources\passenger-service)
2025-02-19 10:34:57 INFO  c.example.core.PassengerApplication - No active profile set, falling back to 1 default profile: "default"
2025-02-19 10:34:59 INFO  o.s.d.r.c.RepositoryConfigurationDelegate - Bootstrapping Spring Data JPA repositories in DEFAULT mode.
2025-02-19 10:34:59 INFO  o.s.d.r.c.RepositoryConfigurationDelegate - Finished Spring Data repository scanning in 83 ms. Found 1 JPA repository interface.
2025-02-19 10:35:01 INFO  o.s.b.w.e.tomcat.TomcatWebServer - Tomcat initialized with port 8080 (http)
2025-02-19 10:35:01 INFO  o.a.coyote.http11.Http11NioProtocol - Initializing ProtocolHandler ["http-nio-8080"]
2025-02-19 10:35:01 INFO  o.a.catalina.core.StandardService - Starting service [Tomcat]
2025-02-19 10:35:01 INFO  o.a.catalina.core.StandardEngine - Starting Servlet engine: [Apache Tomcat/10.1.34]
2025-02-19 10:35:01 INFO  o.a.c.c.C.[Tomcat].[localhost].[/] - Initializing Spring embedded WebApplicationContext
2025-02-19 10:35:01 INFO  o.s.b.w.s.c.ServletWebServerApplicationContext - Root WebApplicationContext: initialization completed in 3399 ms
2025-02-19 10:35:01 INFO  com.zaxxer.hikari.HikariDataSource - HikariPool-1 - Starting...
2025-02-19 10:35:02 INFO  com.zaxxer.hikari.pool.HikariPool - HikariPool-1 - Added connection org.postgresql.jdbc.PgConnection@2801827a
2025-02-19 10:35:02 INFO  com.zaxxer.hikari.HikariDataSource - HikariPool-1 - Start completed.
2025-02-19 10:35:02 INFO  o.h.jpa.internal.util.LogHelper - HHH000204: Processing PersistenceUnitInfo [name: default]
2025-02-19 10:35:02 INFO  org.hibernate.Version - HHH000412: Hibernate ORM core version 6.2.0.Final
2025-02-19 10:35:02 INFO  org.hibernate.cfg.Environment - HHH000406: Using bytecode reflection optimizer
2025-02-19 10:35:02 INFO  o.h.b.i.BytecodeProviderInitiator - HHH000021: Bytecode provider name : bytebuddy
2025-02-19 10:35:03 INFO  o.s.o.j.p.SpringPersistenceUnitInfo - No LoadTimeWeaver setup: ignoring JPA class transformer
2025-02-19 10:35:03 INFO  SQL dialect - HHH000400: Using dialect: org.hibernate.dialect.PostgreSQLDialect
2025-02-19 10:35:03 INFO  o.h.b.i.BytecodeProviderInitiator - HHH000021: Bytecode provider name : bytebuddy
2025-02-19 10:35:04 INFO  o.h.e.t.j.p.i.JtaPlatformInitiator - HHH000490: Using JtaPlatform implementation: [org.hibernate.engine.transaction.jta.platform.internal.NoJtaPlatform]
2025-02-19 10:35:04 INFO  o.s.o.j.LocalContainerEntityManagerFactoryBean - Initialized JPA EntityManagerFactory for persistence unit 'default'
2025-02-19 10:35:05 WARN  o.s.b.a.o.j.JpaBaseConfiguration$JpaWebConfiguration - spring.jpa.open-in-view is enabled by default. Therefore, database queries may be performed during view rendering. Explicitly configure spring.jpa.open-in-view to disable this warning
2025-02-19 10:35:06 INFO  o.a.coyote.http11.Http11NioProtocol - Starting ProtocolHandler ["http-nio-8080"]
2025-02-19 10:35:06 INFO  o.s.b.w.e.tomcat.TomcatWebServer - Tomcat started on port 8080 (http) with context path '/'
2025-02-19 10:35:06 INFO  c.example.core.PassengerApplication - Started PassengerApplication in 9.832 seconds (process running for 11.524)
2025-02-19 10:35:23 INFO  o.s.b.w.e.tomcat.GracefulShutdown - Commencing graceful shutdown. Waiting for active requests to complete
2025-02-19 10:35:23 INFO  o.s.b.w.e.tomcat.GracefulShutdown - Graceful shutdown complete
2025-02-19 10:35:23 INFO  o.s.o.j.LocalContainerEntityManagerFactoryBean - Closing JPA EntityManagerFactory for persistence unit 'default'
2025-02-19 10:35:23 INFO  com.zaxxer.hikari.HikariDataSource - HikariPool-1 - Shutdown initiated...
2025-02-19 10:35:23 INFO  com.zaxxer.hikari.HikariDataSource - HikariPool-1 - Shutdown completed.
2025-02-19 10:37:15 INFO  c.e.c.controller.PassengerController - Received passenger DTO: PassengerDto(id=null, name=null, email=null, password=null, phoneNumber=null)
2025-02-19 10:37:15 INFO  c.e.c.controller.PassengerController - Received request to delete passenger with id: 1
2025-02-19 10:37:15 INFO  c.e.c.controller.PassengerController - Received request to update passenger: Passenger(id=null, name=null, email=null, password=null, phoneNumber=null)
2025-02-19 10:37:15 INFO  c.e.c.controller.PassengerController - Received request to get passenger by email: test@example.com
2025-02-19 10:37:15 INFO  c.e.c.controller.PassengerController - Received request to get passenger by email: test@example.com
2025-02-19 10:49:21 INFO  o.s.t.c.s.AnnotationConfigContextLoaderUtils - Could not detect default configuration classes for test class [com.example.core.repository.PassengerRepositoryTest]: PassengerRepositoryTest does not declare any static, non-private, non-final, nested classes annotated with @Configuration.
2025-02-19 10:49:21 INFO  o.s.b.t.c.SpringBootTestContextBootstrapper - Found @SpringBootConfiguration com.example.core.PassengerApplication for test class com.example.core.repository.PassengerRepositoryTest
2025-02-19 10:49:22 INFO  o.h.validator.internal.util.Version - HV000001: Hibernate Validator 7.0.1.Final
2025-02-19 10:49:22 INFO  c.e.c.r.PassengerRepositoryTest - Starting PassengerRepositoryTest using Java 23 with PID 15032 (started by Мария in C:\Modsen\Spring_Resources\Spring_Resources\Spring_Resources\passenger-service)
2025-02-19 10:49:22 INFO  c.e.c.r.PassengerRepositoryTest - No active profile set, falling back to 1 default profile: "default"
2025-02-19 10:49:23 INFO  o.s.d.r.c.RepositoryConfigurationDelegate - Bootstrapping Spring Data JPA repositories in DEFAULT mode.
2025-02-19 10:49:24 INFO  o.s.d.r.c.RepositoryConfigurationDelegate - Finished Spring Data repository scanning in 135 ms. Found 1 JPA repository interface.
2025-02-19 10:49:24 INFO  o.s.b.t.a.j.TestDatabaseAutoConfiguration$EmbeddedDataSourceBeanFactoryPostProcessor - Replacing 'dataSource' DataSource bean with embedded version
2025-02-19 10:49:24 INFO  o.s.j.d.e.EmbeddedDatabaseFactory - Starting embedded database: url='jdbc:h2:mem:53ee838c-8046-4407-858e-083b4d0bf6a2;DB_CLOSE_DELAY=-1;DB_CLOSE_ON_EXIT=false', username='sa'
2025-02-19 10:49:25 INFO  o.h.jpa.internal.util.LogHelper - HHH000204: Processing PersistenceUnitInfo [name: default]
2025-02-19 10:49:25 INFO  org.hibernate.Version - HHH000412: Hibernate ORM core version 6.2.0.Final
2025-02-19 10:49:25 INFO  org.hibernate.cfg.Environment - HHH000406: Using bytecode reflection optimizer
2025-02-19 10:49:25 INFO  o.h.b.i.BytecodeProviderInitiator - HHH000021: Bytecode provider name : bytebuddy
2025-02-19 10:49:25 INFO  o.s.o.j.p.SpringPersistenceUnitInfo - No LoadTimeWeaver setup: ignoring JPA class transformer
2025-02-19 10:49:26 INFO  SQL dialect - HHH000400: Using dialect: org.hibernate.dialect.H2Dialect
2025-02-19 10:49:26 INFO  o.h.b.i.BytecodeProviderInitiator - HHH000021: Bytecode provider name : bytebuddy
2025-02-19 10:49:27 INFO  o.h.e.t.j.p.i.JtaPlatformInitiator - HHH000490: Using JtaPlatform implementation: [org.hibernate.engine.transaction.jta.platform.internal.NoJtaPlatform]
2025-02-19 10:49:27 INFO  o.h.t.s.i.e.GenerationTargetToDatabase - HHH000476: Executing script '[injected ScriptSourceInputNonExistentImpl script]'
2025-02-19 10:49:27 INFO  o.s.o.j.LocalContainerEntityManagerFactoryBean - Initialized JPA EntityManagerFactory for persistence unit 'default'
2025-02-19 10:49:28 INFO  c.e.c.r.PassengerRepositoryTest - Started PassengerRepositoryTest in 6.561 seconds (process running for 9.482)
2025-02-19 10:49:29 WARN  o.h.e.jdbc.spi.SqlExceptionHelper - SQL Error: 23502, SQLState: 23502
2025-02-19 10:49:29 ERROR o.h.e.jdbc.spi.SqlExceptionHelper - Значение NULL не разрешено для поля "NAME"
NULL not allowed for column "NAME"; SQL statement:
insert into passenger (email,name,password,phone_number,id) values (?,?,?,?,default) [23502-232]
2025-02-19 10:49:29 WARN  o.h.e.jdbc.spi.SqlExceptionHelper - SQL Error: 23502, SQLState: 23502
2025-02-19 10:49:29 ERROR o.h.e.jdbc.spi.SqlExceptionHelper - Значение NULL не разрешено для поля "NAME"
NULL not allowed for column "NAME"; SQL statement:
insert into passenger (email,name,password,phone_number,id) values (?,?,?,?,default) [23502-232]
2025-02-19 10:49:29 WARN  o.h.e.jdbc.spi.SqlExceptionHelper - SQL Error: 23502, SQLState: 23502
2025-02-19 10:49:29 ERROR o.h.e.jdbc.spi.SqlExceptionHelper - Значение NULL не разрешено для поля "NAME"
NULL not allowed for column "NAME"; SQL statement:
insert into passenger (email,name,password,phone_number,id) values (?,?,?,?,default) [23502-232]
2025-02-19 10:49:29 INFO  o.s.o.j.LocalContainerEntityManagerFactoryBean - Closing JPA EntityManagerFactory for persistence unit 'default'
2025-02-19 10:49:29 INFO  o.h.t.s.i.SchemaDropperImpl$DelayedDropActionImpl - HHH000477: Starting delayed evictData of schema as part of SessionFactory shut-down'
2025-02-19 10:51:14 INFO  o.s.t.c.s.AnnotationConfigContextLoaderUtils - Could not detect default configuration classes for test class [com.example.core.repository.PassengerRepositoryTest]: PassengerRepositoryTest does not declare any static, non-private, non-final, nested classes annotated with @Configuration.
2025-02-19 10:51:14 INFO  o.s.b.t.c.SpringBootTestContextBootstrapper - Found @SpringBootConfiguration com.example.core.PassengerApplication for test class com.example.core.repository.PassengerRepositoryTest
2025-02-19 10:51:15 INFO  o.h.validator.internal.util.Version - HV000001: Hibernate Validator 7.0.1.Final
2025-02-19 10:51:15 INFO  c.e.c.r.PassengerRepositoryTest - Starting PassengerRepositoryTest using Java 23 with PID 5284 (started by Мария in C:\Modsen\Spring_Resources\Spring_Resources\Spring_Resources\passenger-service)
2025-02-19 10:51:15 INFO  c.e.c.r.PassengerRepositoryTest - No active profile set, falling back to 1 default profile: "default"
2025-02-19 10:51:16 INFO  o.s.d.r.c.RepositoryConfigurationDelegate - Bootstrapping Spring Data JPA repositories in DEFAULT mode.
2025-02-19 10:51:16 INFO  o.s.d.r.c.RepositoryConfigurationDelegate - Finished Spring Data repository scanning in 99 ms. Found 1 JPA repository interface.
2025-02-19 10:51:17 INFO  o.s.b.t.a.j.TestDatabaseAutoConfiguration$EmbeddedDataSourceBeanFactoryPostProcessor - Replacing 'dataSource' DataSource bean with embedded version
2025-02-19 10:51:17 INFO  o.s.j.d.e.EmbeddedDatabaseFactory - Starting embedded database: url='jdbc:h2:mem:40140e22-d729-4f55-92de-6da244319719;DB_CLOSE_DELAY=-1;DB_CLOSE_ON_EXIT=false', username='sa'
2025-02-19 10:51:18 INFO  o.h.jpa.internal.util.LogHelper - HHH000204: Processing PersistenceUnitInfo [name: default]
2025-02-19 10:51:18 INFO  org.hibernate.Version - HHH000412: Hibernate ORM core version 6.2.0.Final
2025-02-19 10:51:18 INFO  org.hibernate.cfg.Environment - HHH000406: Using bytecode reflection optimizer
2025-02-19 10:51:18 INFO  o.h.b.i.BytecodeProviderInitiator - HHH000021: Bytecode provider name : bytebuddy
2025-02-19 10:51:18 INFO  o.s.o.j.p.SpringPersistenceUnitInfo - No LoadTimeWeaver setup: ignoring JPA class transformer
2025-02-19 10:51:19 INFO  SQL dialect - HHH000400: Using dialect: org.hibernate.dialect.H2Dialect
2025-02-19 10:51:19 INFO  o.h.b.i.BytecodeProviderInitiator - HHH000021: Bytecode provider name : bytebuddy
2025-02-19 10:51:20 INFO  o.h.e.t.j.p.i.JtaPlatformInitiator - HHH000490: Using JtaPlatform implementation: [org.hibernate.engine.transaction.jta.platform.internal.NoJtaPlatform]
2025-02-19 10:51:20 INFO  o.h.t.s.i.e.GenerationTargetToDatabase - HHH000476: Executing script '[injected ScriptSourceInputNonExistentImpl script]'
2025-02-19 10:51:20 INFO  o.s.o.j.LocalContainerEntityManagerFactoryBean - Initialized JPA EntityManagerFactory for persistence unit 'default'
2025-02-19 10:51:21 INFO  c.e.c.r.PassengerRepositoryTest - Started PassengerRepositoryTest in 6.546 seconds (process running for 9.497)
2025-02-19 10:51:23 INFO  o.s.o.j.LocalContainerEntityManagerFactoryBean - Closing JPA EntityManagerFactory for persistence unit 'default'
2025-02-19 10:51:23 INFO  o.h.t.s.i.SchemaDropperImpl$DelayedDropActionImpl - HHH000477: Starting delayed evictData of schema as part of SessionFactory shut-down'
2025-02-19 10:53:02 INFO  c.e.core.service.PassengerService - Registering passenger: PassengerDto(id=null, name=null, email=null, password=null, phoneNumber=null)
2025-02-19 10:53:02 INFO  c.e.core.service.PassengerService - Mapped entity: Passenger(id=null, name=null, email=null, password=null, phoneNumber=null)
2025-02-19 10:53:02 INFO  c.e.core.service.PassengerService - Saved passenger: Passenger(id=null, name=null, email=null, password=null, phoneNumber=null)
2025-02-19 10:56:27 INFO  o.s.t.c.s.AnnotationConfigContextLoaderUtils - Could not detect default configuration classes for test class [com.example.core.controller.PassengerControllerIntegrationTest]: PassengerControllerIntegrationTest does not declare any static, non-private, non-final, nested classes annotated with @Configuration.
2025-02-19 10:56:27 INFO  o.s.b.t.c.SpringBootTestContextBootstrapper - Found @SpringBootConfiguration com.example.core.PassengerApplication for test class com.example.core.controller.PassengerControllerIntegrationTest
2025-02-19 10:56:28 INFO  o.h.validator.internal.util.Version - HV000001: Hibernate Validator 7.0.1.Final
2025-02-19 10:56:28 INFO  c.e.c.c.PassengerControllerIntegrationTest - Starting PassengerControllerIntegrationTest using Java 23 with PID 15392 (started by Мария in C:\Modsen\Spring_Resources\Spring_Resources\Spring_Resources\passenger-service)
2025-02-19 10:56:28 INFO  c.e.c.c.PassengerControllerIntegrationTest - No active profile set, falling back to 1 default profile: "default"
2025-02-19 10:56:30 INFO  o.s.d.r.c.RepositoryConfigurationDelegate - Bootstrapping Spring Data JPA repositories in DEFAULT mode.
2025-02-19 10:56:30 INFO  o.s.d.r.c.RepositoryConfigurationDelegate - Finished Spring Data repository scanning in 119 ms. Found 1 JPA repository interface.
2025-02-19 10:56:31 INFO  com.zaxxer.hikari.HikariDataSource - HikariPool-1 - Starting...
2025-02-19 10:56:31 INFO  com.zaxxer.hikari.pool.HikariPool - HikariPool-1 - Added connection conn0: url=jdbc:h2:mem:72b5c2e7-d4f2-4861-b500-ba80f48ed860 user=SA
2025-02-19 10:56:31 INFO  com.zaxxer.hikari.HikariDataSource - HikariPool-1 - Start completed.
2025-02-19 10:56:32 INFO  o.h.jpa.internal.util.LogHelper - HHH000204: Processing PersistenceUnitInfo [name: default]
2025-02-19 10:56:32 INFO  org.hibernate.Version - HHH000412: Hibernate ORM core version 6.2.0.Final
2025-02-19 10:56:32 INFO  org.hibernate.cfg.Environment - HHH000406: Using bytecode reflection optimizer
2025-02-19 10:56:32 INFO  o.h.b.i.BytecodeProviderInitiator - HHH000021: Bytecode provider name : bytebuddy
2025-02-19 10:56:32 INFO  o.s.o.j.p.SpringPersistenceUnitInfo - No LoadTimeWeaver setup: ignoring JPA class transformer
2025-02-19 10:56:32 INFO  SQL dialect - HHH000400: Using dialect: org.hibernate.dialect.H2Dialect
2025-02-19 10:56:33 INFO  o.h.b.i.BytecodeProviderInitiator - HHH000021: Bytecode provider name : bytebuddy
2025-02-19 10:56:34 INFO  o.h.e.t.j.p.i.JtaPlatformInitiator - HHH000490: Using JtaPlatform implementation: [org.hibernate.engine.transaction.jta.platform.internal.NoJtaPlatform]
2025-02-19 10:56:34 INFO  o.h.t.s.i.e.GenerationTargetToDatabase - HHH000476: Executing script '[injected ScriptSourceInputNonExistentImpl script]'
2025-02-19 10:56:34 INFO  o.s.o.j.LocalContainerEntityManagerFactoryBean - Initialized JPA EntityManagerFactory for persistence unit 'default'
2025-02-19 10:56:35 WARN  o.s.b.a.o.j.JpaBaseConfiguration$JpaWebConfiguration - spring.jpa.open-in-view is enabled by default. Therefore, database queries may be performed during view rendering. Explicitly configure spring.jpa.open-in-view to disable this warning
2025-02-19 10:56:36 INFO  o.s.b.t.m.w.SpringBootMockServletContext - Initializing Spring TestDispatcherServlet ''
2025-02-19 10:56:36 INFO  o.s.t.w.s.TestDispatcherServlet - Initializing Servlet ''
2025-02-19 10:56:36 INFO  o.s.t.w.s.TestDispatcherServlet - Completed initialization in 1 ms
2025-02-19 10:56:36 INFO  c.e.c.c.PassengerControllerIntegrationTest - Started PassengerControllerIntegrationTest in 8.649 seconds (process running for 11.77)
2025-02-19 10:56:37 INFO  c.e.c.controller.PassengerController - Received passenger DTO: PassengerDto(id=null, name=Test Name, email=test@example.com, password=password, phoneNumber=null)
2025-02-19 10:56:37 INFO  c.e.core.service.PassengerService - Registering passenger: PassengerDto(id=null, name=Test Name, email=test@example.com, password=password, phoneNumber=null)
2025-02-19 10:56:37 INFO  c.e.core.service.PassengerService - Mapped entity: Passenger(id=null, name=Test Name, email=test@example.com, password=password, phoneNumber=null)
2025-02-19 10:56:37 INFO  c.e.core.service.PassengerService - Saved passenger: Passenger(id=1, name=Test Name, email=test@example.com, password=password, phoneNumber=null)
2025-02-19 10:56:37 INFO  c.e.c.controller.PassengerController - Received request to delete passenger with id: 2
2025-02-19 10:56:37 INFO  c.e.c.controller.PassengerController - Received request to update passenger: Passenger(id=null, name=Updated Name, email=testupdate@example.com, password=password, phoneNumber=1234567890)
2025-02-19 10:56:38 INFO  c.e.c.controller.PassengerController - Received request to get passenger by email: test@example.com
2025-02-19 10:56:38 INFO  o.s.o.j.LocalContainerEntityManagerFactoryBean - Closing JPA EntityManagerFactory for persistence unit 'default'
2025-02-19 10:56:38 INFO  o.h.t.s.i.SchemaDropperImpl$DelayedDropActionImpl - HHH000477: Starting delayed evictData of schema as part of SessionFactory shut-down'
2025-02-19 10:56:38 INFO  com.zaxxer.hikari.HikariDataSource - HikariPool-1 - Shutdown initiated...
2025-02-19 10:56:38 INFO  com.zaxxer.hikari.HikariDataSource - HikariPool-1 - Shutdown completed.
2025-02-19 10:58:48 INFO  o.s.t.c.s.AnnotationConfigContextLoaderUtils - Could not detect default configuration classes for test class [com.example.core.service.PassengerServiceIntegrationTest]: PassengerServiceIntegrationTest does not declare any static, non-private, non-final, nested classes annotated with @Configuration.
2025-02-19 10:58:48 INFO  o.s.b.t.c.SpringBootTestContextBootstrapper - Found @SpringBootConfiguration com.example.core.PassengerApplication for test class com.example.core.service.PassengerServiceIntegrationTest
2025-02-19 10:58:49 INFO  o.h.validator.internal.util.Version - HV000001: Hibernate Validator 7.0.1.Final
2025-02-19 10:58:49 INFO  c.e.c.s.PassengerServiceIntegrationTest - Starting PassengerServiceIntegrationTest using Java 23 with PID 15584 (started by Мария in C:\Modsen\Spring_Resources\Spring_Resources\Spring_Resources\passenger-service)
2025-02-19 10:58:49 INFO  c.e.c.s.PassengerServiceIntegrationTest - No active profile set, falling back to 1 default profile: "default"
2025-02-19 10:58:51 INFO  o.s.d.r.c.RepositoryConfigurationDelegate - Bootstrapping Spring Data JPA repositories in DEFAULT mode.
2025-02-19 10:58:51 INFO  o.s.d.r.c.RepositoryConfigurationDelegate - Finished Spring Data repository scanning in 90 ms. Found 1 JPA repository interface.
2025-02-19 10:58:52 INFO  com.zaxxer.hikari.HikariDataSource - HikariPool-1 - Starting...
2025-02-19 10:58:52 INFO  com.zaxxer.hikari.pool.HikariPool - HikariPool-1 - Added connection conn0: url=jdbc:h2:mem:5eed0661-273c-45f3-afa0-2b60c22814b0 user=SA
2025-02-19 10:58:52 INFO  com.zaxxer.hikari.HikariDataSource - HikariPool-1 - Start completed.
2025-02-19 10:58:52 INFO  o.h.jpa.internal.util.LogHelper - HHH000204: Processing PersistenceUnitInfo [name: default]
2025-02-19 10:58:53 INFO  org.hibernate.Version - HHH000412: Hibernate ORM core version 6.2.0.Final
2025-02-19 10:58:53 INFO  org.hibernate.cfg.Environment - HHH000406: Using bytecode reflection optimizer
2025-02-19 10:58:53 INFO  o.h.b.i.BytecodeProviderInitiator - HHH000021: Bytecode provider name : bytebuddy
2025-02-19 10:58:53 INFO  o.s.o.j.p.SpringPersistenceUnitInfo - No LoadTimeWeaver setup: ignoring JPA class transformer
2025-02-19 10:58:53 INFO  SQL dialect - HHH000400: Using dialect: org.hibernate.dialect.H2Dialect
2025-02-19 10:58:54 INFO  o.h.b.i.BytecodeProviderInitiator - HHH000021: Bytecode provider name : bytebuddy
2025-02-19 10:58:55 INFO  o.h.e.t.j.p.i.JtaPlatformInitiator - HHH000490: Using JtaPlatform implementation: [org.hibernate.engine.transaction.jta.platform.internal.NoJtaPlatform]
2025-02-19 10:58:55 INFO  o.h.t.s.i.e.GenerationTargetToDatabase - HHH000476: Executing script '[injected ScriptSourceInputNonExistentImpl script]'
2025-02-19 10:58:55 INFO  o.s.o.j.LocalContainerEntityManagerFactoryBean - Initialized JPA EntityManagerFactory for persistence unit 'default'
2025-02-19 10:58:55 WARN  o.s.b.a.o.j.JpaBaseConfiguration$JpaWebConfiguration - spring.jpa.open-in-view is enabled by default. Therefore, database queries may be performed during view rendering. Explicitly configure spring.jpa.open-in-view to disable this warning
2025-02-19 10:58:57 INFO  c.e.c.s.PassengerServiceIntegrationTest - Started PassengerServiceIntegrationTest in 8.216 seconds (process running for 10.905)
2025-02-19 10:58:58 INFO  c.e.core.service.PassengerService - Registering passenger: PassengerDto(id=null, name=Test Name, email=test@example.com, password=password, phoneNumber=1234567890)
2025-02-19 10:58:58 INFO  c.e.core.service.PassengerService - Mapped entity: Passenger(id=null, name=Test Name, email=test@example.com, password=password, phoneNumber=1234567890)
2025-02-19 10:58:58 INFO  c.e.core.service.PassengerService - Saved passenger: Passenger(id=1, name=Test Name, email=test@example.com, password=password, phoneNumber=1234567890)
2025-02-19 10:58:58 INFO  o.s.o.j.LocalContainerEntityManagerFactoryBean - Closing JPA EntityManagerFactory for persistence unit 'default'
2025-02-19 10:58:58 INFO  o.h.t.s.i.SchemaDropperImpl$DelayedDropActionImpl - HHH000477: Starting delayed evictData of schema as part of SessionFactory shut-down'
2025-02-19 10:58:58 INFO  com.zaxxer.hikari.HikariDataSource - HikariPool-1 - Shutdown initiated...
2025-02-19 10:58:58 INFO  com.zaxxer.hikari.HikariDataSource - HikariPool-1 - Shutdown completed.
2025-02-19 10:59:07 INFO  o.s.t.c.s.AnnotationConfigContextLoaderUtils - Could not detect default configuration classes for test class [com.example.core.PassengerApplicationTests]: PassengerApplicationTests does not declare any static, non-private, non-final, nested classes annotated with @Configuration.
2025-02-19 10:59:07 INFO  o.s.b.t.c.SpringBootTestContextBootstrapper - Found @SpringBootConfiguration com.example.core.PassengerApplication for test class com.example.core.PassengerApplicationTests
2025-02-19 10:59:08 INFO  o.h.validator.internal.util.Version - HV000001: Hibernate Validator 7.0.1.Final
2025-02-19 10:59:08 INFO  c.e.core.PassengerApplicationTests - Starting PassengerApplicationTests using Java 23 with PID 972 (started by Мария in C:\Modsen\Spring_Resources\Spring_Resources\Spring_Resources\passenger-service)
2025-02-19 10:59:08 INFO  c.e.core.PassengerApplicationTests - No active profile set, falling back to 1 default profile: "default"
2025-02-19 10:59:10 INFO  o.s.d.r.c.RepositoryConfigurationDelegate - Bootstrapping Spring Data JPA repositories in DEFAULT mode.
2025-02-19 10:59:10 INFO  o.s.d.r.c.RepositoryConfigurationDelegate - Finished Spring Data repository scanning in 84 ms. Found 1 JPA repository interface.
2025-02-19 10:59:11 INFO  com.zaxxer.hikari.HikariDataSource - HikariPool-1 - Starting...
2025-02-19 10:59:11 INFO  com.zaxxer.hikari.pool.HikariPool - HikariPool-1 - Added connection conn0: url=jdbc:h2:mem:6e9832c4-f7de-4b1d-90b2-435a0363abc6 user=SA
2025-02-19 10:59:11 INFO  com.zaxxer.hikari.HikariDataSource - HikariPool-1 - Start completed.
2025-02-19 10:59:11 INFO  o.h.jpa.internal.util.LogHelper - HHH000204: Processing PersistenceUnitInfo [name: default]
2025-02-19 10:59:11 INFO  org.hibernate.Version - HHH000412: Hibernate ORM core version 6.2.0.Final
2025-02-19 10:59:11 INFO  org.hibernate.cfg.Environment - HHH000406: Using bytecode reflection optimizer
2025-02-19 10:59:12 INFO  o.h.b.i.BytecodeProviderInitiator - HHH000021: Bytecode provider name : bytebuddy
2025-02-19 10:59:12 INFO  o.s.o.j.p.SpringPersistenceUnitInfo - No LoadTimeWeaver setup: ignoring JPA class transformer
2025-02-19 10:59:12 INFO  SQL dialect - HHH000400: Using dialect: org.hibernate.dialect.H2Dialect
2025-02-19 10:59:12 INFO  o.h.b.i.BytecodeProviderInitiator - HHH000021: Bytecode provider name : bytebuddy
2025-02-19 10:59:13 INFO  o.h.e.t.j.p.i.JtaPlatformInitiator - HHH000490: Using JtaPlatform implementation: [org.hibernate.engine.transaction.jta.platform.internal.NoJtaPlatform]
2025-02-19 10:59:13 INFO  o.h.t.s.i.e.GenerationTargetToDatabase - HHH000476: Executing script '[injected ScriptSourceInputNonExistentImpl script]'
2025-02-19 10:59:13 INFO  o.s.o.j.LocalContainerEntityManagerFactoryBean - Initialized JPA EntityManagerFactory for persistence unit 'default'
2025-02-19 10:59:14 WARN  o.s.b.a.o.j.JpaBaseConfiguration$JpaWebConfiguration - spring.jpa.open-in-view is enabled by default. Therefore, database queries may be performed during view rendering. Explicitly configure spring.jpa.open-in-view to disable this warning
2025-02-19 10:59:15 INFO  c.e.core.PassengerApplicationTests - Started PassengerApplicationTests in 7.529 seconds (process running for 10.17)
2025-02-19 10:59:16 INFO  o.s.o.j.LocalContainerEntityManagerFactoryBean - Closing JPA EntityManagerFactory for persistence unit 'default'
2025-02-19 10:59:16 INFO  o.h.t.s.i.SchemaDropperImpl$DelayedDropActionImpl - HHH000477: Starting delayed evictData of schema as part of SessionFactory shut-down'
2025-02-19 10:59:16 INFO  com.zaxxer.hikari.HikariDataSource - HikariPool-1 - Shutdown initiated...
2025-02-19 10:59:16 INFO  com.zaxxer.hikari.HikariDataSource - HikariPool-1 - Shutdown completed.
2025-02-19 11:01:04 INFO  o.s.t.c.s.AnnotationConfigContextLoaderUtils - Could not detect default configuration classes for test class [com.example.core.PassengerApplicationTests]: PassengerApplicationTests does not declare any static, non-private, non-final, nested classes annotated with @Configuration.
2025-02-19 11:01:05 INFO  o.s.b.t.c.SpringBootTestContextBootstrapper - Found @SpringBootConfiguration com.example.core.PassengerApplication for test class com.example.core.PassengerApplicationTests
2025-02-19 11:01:05 INFO  o.h.validator.internal.util.Version - HV000001: Hibernate Validator 7.0.1.Final
2025-02-19 11:01:05 INFO  c.e.core.PassengerApplicationTests - Starting PassengerApplicationTests using Java 23 with PID 3568 (started by Мария in C:\Modsen\Spring_Resources\Spring_Resources\Spring_Resources\passenger-service)
2025-02-19 11:01:05 INFO  c.e.core.PassengerApplicationTests - No active profile set, falling back to 1 default profile: "default"
2025-02-19 11:01:07 INFO  o.s.d.r.c.RepositoryConfigurationDelegate - Bootstrapping Spring Data JPA repositories in DEFAULT mode.
2025-02-19 11:01:07 INFO  o.s.d.r.c.RepositoryConfigurationDelegate - Finished Spring Data repository scanning in 90 ms. Found 1 JPA repository interface.
2025-02-19 11:01:08 INFO  com.zaxxer.hikari.HikariDataSource - HikariPool-1 - Starting...
2025-02-19 11:01:08 INFO  com.zaxxer.hikari.pool.HikariPool - HikariPool-1 - Added connection conn0: url=jdbc:h2:mem:ee4e523c-b77c-4e0e-ab3a-8bd45f662936 user=SA
2025-02-19 11:01:08 INFO  com.zaxxer.hikari.HikariDataSource - HikariPool-1 - Start completed.
2025-02-19 11:01:09 INFO  o.h.jpa.internal.util.LogHelper - HHH000204: Processing PersistenceUnitInfo [name: default]
2025-02-19 11:01:09 INFO  org.hibernate.Version - HHH000412: Hibernate ORM core version 6.2.0.Final
2025-02-19 11:01:09 INFO  org.hibernate.cfg.Environment - HHH000406: Using bytecode reflection optimizer
2025-02-19 11:01:09 INFO  o.h.b.i.BytecodeProviderInitiator - HHH000021: Bytecode provider name : bytebuddy
2025-02-19 11:01:09 INFO  o.s.o.j.p.SpringPersistenceUnitInfo - No LoadTimeWeaver setup: ignoring JPA class transformer
2025-02-19 11:01:09 INFO  SQL dialect - HHH000400: Using dialect: org.hibernate.dialect.H2Dialect
2025-02-19 11:01:10 INFO  o.h.b.i.BytecodeProviderInitiator - HHH000021: Bytecode provider name : bytebuddy
2025-02-19 11:01:11 INFO  o.h.e.t.j.p.i.JtaPlatformInitiator - HHH000490: Using JtaPlatform implementation: [org.hibernate.engine.transaction.jta.platform.internal.NoJtaPlatform]
2025-02-19 11:01:11 INFO  o.h.t.s.i.e.GenerationTargetToDatabase - HHH000476: Executing script '[injected ScriptSourceInputNonExistentImpl script]'
2025-02-19 11:01:11 INFO  o.s.o.j.LocalContainerEntityManagerFactoryBean - Initialized JPA EntityManagerFactory for persistence unit 'default'
2025-02-19 11:01:12 WARN  o.s.b.a.o.j.JpaBaseConfiguration$JpaWebConfiguration - spring.jpa.open-in-view is enabled by default. Therefore, database queries may be performed during view rendering. Explicitly configure spring.jpa.open-in-view to disable this warning
2025-02-19 11:01:13 INFO  c.e.core.PassengerApplicationTests - Started PassengerApplicationTests in 8.253 seconds (process running for 11.327)
2025-02-19 11:01:14 INFO  o.s.t.c.s.AnnotationConfigContextLoaderUtils - Could not detect default configuration classes for test class [com.example.core.service.PassengerServiceIntegrationTest]: PassengerServiceIntegrationTest does not declare any static, non-private, non-final, nested classes annotated with @Configuration.
2025-02-19 11:01:14 INFO  o.s.b.t.c.SpringBootTestContextBootstrapper - Found @SpringBootConfiguration com.example.core.PassengerApplication for test class com.example.core.service.PassengerServiceIntegrationTest
2025-02-19 11:01:14 INFO  c.e.core.service.PassengerService - Registering passenger: PassengerDto(id=null, name=Test Name, email=test@example.com, password=password, phoneNumber=1234567890)
2025-02-19 11:01:14 INFO  c.e.core.service.PassengerService - Mapped entity: Passenger(id=null, name=Test Name, email=test@example.com, password=password, phoneNumber=1234567890)
2025-02-19 11:01:14 INFO  c.e.core.service.PassengerService - Saved passenger: Passenger(id=1, name=Test Name, email=test@example.com, password=password, phoneNumber=1234567890)
2025-02-19 11:01:15 INFO  o.s.t.c.s.AnnotationConfigContextLoaderUtils - Could not detect default configuration classes for test class [com.example.core.controller.PassengerControllerIntegrationTest]: PassengerControllerIntegrationTest does not declare any static, non-private, non-final, nested classes annotated with @Configuration.
2025-02-19 11:01:15 INFO  o.s.b.t.c.SpringBootTestContextBootstrapper - Found @SpringBootConfiguration com.example.core.PassengerApplication for test class com.example.core.controller.PassengerControllerIntegrationTest
2025-02-19 11:01:15 INFO  c.e.c.c.PassengerControllerIntegrationTest - Starting PassengerControllerIntegrationTest using Java 23 with PID 3568 (started by Мария in C:\Modsen\Spring_Resources\Spring_Resources\Spring_Resources\passenger-service)
2025-02-19 11:01:15 INFO  c.e.c.c.PassengerControllerIntegrationTest - No active profile set, falling back to 1 default profile: "default"
2025-02-19 11:01:15 INFO  o.s.d.r.c.RepositoryConfigurationDelegate - Bootstrapping Spring Data JPA repositories in DEFAULT mode.
2025-02-19 11:01:15 INFO  o.s.d.r.c.RepositoryConfigurationDelegate - Finished Spring Data repository scanning in 32 ms. Found 1 JPA repository interface.
2025-02-19 11:01:15 INFO  com.zaxxer.hikari.HikariDataSource - HikariPool-2 - Starting...
2025-02-19 11:01:15 INFO  com.zaxxer.hikari.pool.HikariPool - HikariPool-2 - Added connection conn10: url=jdbc:h2:mem:74fee74e-4b2c-4c79-b3c4-e563d86b032c user=SA
2025-02-19 11:01:15 INFO  com.zaxxer.hikari.HikariDataSource - HikariPool-2 - Start completed.
2025-02-19 11:01:16 INFO  o.h.jpa.internal.util.LogHelper - HHH000204: Processing PersistenceUnitInfo [name: default]
2025-02-19 11:01:16 INFO  o.h.b.i.BytecodeProviderInitiator - HHH000021: Bytecode provider name : bytebuddy
2025-02-19 11:01:16 INFO  o.s.o.j.p.SpringPersistenceUnitInfo - No LoadTimeWeaver setup: ignoring JPA class transformer
2025-02-19 11:01:16 INFO  SQL dialect - HHH000400: Using dialect: org.hibernate.dialect.H2Dialect
2025-02-19 11:01:16 INFO  o.h.b.i.BytecodeProviderInitiator - HHH000021: Bytecode provider name : bytebuddy
2025-02-19 11:01:16 INFO  o.h.e.t.j.p.i.JtaPlatformInitiator - HHH000490: Using JtaPlatform implementation: [org.hibernate.engine.transaction.jta.platform.internal.NoJtaPlatform]
2025-02-19 11:01:16 INFO  o.h.t.s.i.e.GenerationTargetToDatabase - HHH000476: Executing script '[injected ScriptSourceInputNonExistentImpl script]'
2025-02-19 11:01:16 INFO  o.s.o.j.LocalContainerEntityManagerFactoryBean - Initialized JPA EntityManagerFactory for persistence unit 'default'
2025-02-19 11:01:16 WARN  o.s.b.a.o.j.JpaBaseConfiguration$JpaWebConfiguration - spring.jpa.open-in-view is enabled by default. Therefore, database queries may be performed during view rendering. Explicitly configure spring.jpa.open-in-view to disable this warning
2025-02-19 11:01:16 INFO  o.s.b.t.m.w.SpringBootMockServletContext - Initializing Spring TestDispatcherServlet ''
2025-02-19 11:01:16 INFO  o.s.t.w.s.TestDispatcherServlet - Initializing Servlet ''
2025-02-19 11:01:16 INFO  o.s.t.w.s.TestDispatcherServlet - Completed initialization in 1 ms
2025-02-19 11:01:16 INFO  c.e.c.c.PassengerControllerIntegrationTest - Started PassengerControllerIntegrationTest in 1.32 seconds (process running for 14.329)
2025-02-19 11:01:16 INFO  c.e.c.controller.PassengerController - Received passenger DTO: PassengerDto(id=null, name=Test Name, email=test@example.com, password=password, phoneNumber=null)
2025-02-19 11:01:16 INFO  c.e.core.service.PassengerService - Registering passenger: PassengerDto(id=null, name=Test Name, email=test@example.com, password=password, phoneNumber=null)
2025-02-19 11:01:16 INFO  c.e.core.service.PassengerService - Mapped entity: Passenger(id=null, name=Test Name, email=test@example.com, password=password, phoneNumber=null)
2025-02-19 11:01:16 INFO  c.e.core.service.PassengerService - Saved passenger: Passenger(id=1, name=Test Name, email=test@example.com, password=password, phoneNumber=null)
2025-02-19 11:01:16 INFO  c.e.c.controller.PassengerController - Received request to delete passenger with id: 2
2025-02-19 11:01:16 INFO  c.e.c.controller.PassengerController - Received request to update passenger: Passenger(id=null, name=Updated Name, email=testupdate@example.com, password=password, phoneNumber=1234567890)
2025-02-19 11:01:16 INFO  c.e.c.controller.PassengerController - Received request to get passenger by email: test@example.com
2025-02-19 11:01:17 INFO  c.e.c.controller.PassengerController - Received passenger DTO: PassengerDto(id=null, name=null, email=null, password=null, phoneNumber=null)
2025-02-19 11:01:17 INFO  c.e.c.controller.PassengerController - Received request to delete passenger with id: 1
2025-02-19 11:01:17 INFO  c.e.c.controller.PassengerController - Received request to update passenger: Passenger(id=null, name=null, email=null, password=null, phoneNumber=null)
2025-02-19 11:01:17 INFO  c.e.c.controller.PassengerController - Received request to get passenger by email: test@example.com
2025-02-19 11:01:17 INFO  c.e.c.controller.PassengerController - Received request to get passenger by email: test@example.com
2025-02-19 11:01:17 INFO  c.e.core.service.PassengerService - Registering passenger: PassengerDto(id=null, name=null, email=null, password=null, phoneNumber=null)
2025-02-19 11:01:17 INFO  c.e.core.service.PassengerService - Mapped entity: Passenger(id=null, name=null, email=null, password=null, phoneNumber=null)
2025-02-19 11:01:17 INFO  c.e.core.service.PassengerService - Saved passenger: Passenger(id=null, name=null, email=null, password=null, phoneNumber=null)
2025-02-19 11:01:17 INFO  o.s.t.c.s.AnnotationConfigContextLoaderUtils - Could not detect default configuration classes for test class [com.example.core.repository.PassengerRepositoryTest]: PassengerRepositoryTest does not declare any static, non-private, non-final, nested classes annotated with @Configuration.
2025-02-19 11:01:17 INFO  o.s.b.t.c.SpringBootTestContextBootstrapper - Found @SpringBootConfiguration com.example.core.PassengerApplication for test class com.example.core.repository.PassengerRepositoryTest
2025-02-19 11:01:18 INFO  c.e.c.r.PassengerRepositoryTest - Starting PassengerRepositoryTest using Java 23 with PID 3568 (started by Мария in C:\Modsen\Spring_Resources\Spring_Resources\Spring_Resources\passenger-service)
2025-02-19 11:01:18 INFO  c.e.c.r.PassengerRepositoryTest - No active profile set, falling back to 1 default profile: "default"
2025-02-19 11:01:18 INFO  o.s.d.r.c.RepositoryConfigurationDelegate - Bootstrapping Spring Data JPA repositories in DEFAULT mode.
2025-02-19 11:01:18 INFO  o.s.d.r.c.RepositoryConfigurationDelegate - Finished Spring Data repository scanning in 29 ms. Found 1 JPA repository interface.
2025-02-19 11:01:18 INFO  o.s.b.t.a.j.TestDatabaseAutoConfiguration$EmbeddedDataSourceBeanFactoryPostProcessor - Replacing 'dataSource' DataSource bean with embedded version
2025-02-19 11:01:18 INFO  o.s.j.d.e.EmbeddedDatabaseFactory - Starting embedded database: url='jdbc:h2:mem:fda29a59-2578-49ed-a783-94ad0c7f9e9c;DB_CLOSE_DELAY=-1;DB_CLOSE_ON_EXIT=false', username='sa'
2025-02-19 11:01:18 INFO  o.h.jpa.internal.util.LogHelper - HHH000204: Processing PersistenceUnitInfo [name: default]
2025-02-19 11:01:18 INFO  o.h.b.i.BytecodeProviderInitiator - HHH000021: Bytecode provider name : bytebuddy
2025-02-19 11:01:18 INFO  o.s.o.j.p.SpringPersistenceUnitInfo - No LoadTimeWeaver setup: ignoring JPA class transformer
2025-02-19 11:01:18 INFO  SQL dialect - HHH000400: Using dialect: org.hibernate.dialect.H2Dialect
2025-02-19 11:01:18 INFO  o.h.b.i.BytecodeProviderInitiator - HHH000021: Bytecode provider name : bytebuddy
2025-02-19 11:01:18 INFO  o.h.e.t.j.p.i.JtaPlatformInitiator - HHH000490: Using JtaPlatform implementation: [org.hibernate.engine.transaction.jta.platform.internal.NoJtaPlatform]
2025-02-19 11:01:18 INFO  o.h.t.s.i.e.GenerationTargetToDatabase - HHH000476: Executing script '[injected ScriptSourceInputNonExistentImpl script]'
2025-02-19 11:01:18 INFO  o.s.o.j.LocalContainerEntityManagerFactoryBean - Initialized JPA EntityManagerFactory for persistence unit 'default'
2025-02-19 11:01:19 INFO  c.e.c.r.PassengerRepositoryTest - Started PassengerRepositoryTest in 1.005 seconds (process running for 16.788)
2025-02-19 11:01:19 INFO  o.s.o.j.LocalContainerEntityManagerFactoryBean - Closing JPA EntityManagerFactory for persistence unit 'default'
2025-02-19 11:01:19 INFO  o.h.t.s.i.SchemaDropperImpl$DelayedDropActionImpl - HHH000477: Starting delayed evictData of schema as part of SessionFactory shut-down'
2025-02-19 11:01:19 INFO  com.zaxxer.hikari.HikariDataSource - HikariPool-1 - Shutdown initiated...
2025-02-19 11:01:19 INFO  com.zaxxer.hikari.HikariDataSource - HikariPool-1 - Shutdown completed.
2025-02-19 11:01:19 INFO  o.s.o.j.LocalContainerEntityManagerFactoryBean - Closing JPA EntityManagerFactory for persistence unit 'default'
2025-02-19 11:01:19 INFO  o.h.t.s.i.SchemaDropperImpl$DelayedDropActionImpl - HHH000477: Starting delayed evictData of schema as part of SessionFactory shut-down'
2025-02-19 11:01:19 INFO  com.zaxxer.hikari.HikariDataSource - HikariPool-2 - Shutdown initiated...
2025-02-19 11:01:19 INFO  com.zaxxer.hikari.HikariDataSource - HikariPool-2 - Shutdown completed.
2025-02-19 11:01:19 INFO  o.s.o.j.LocalContainerEntityManagerFactoryBean - Closing JPA EntityManagerFactory for persistence unit 'default'
2025-02-19 11:01:19 INFO  o.h.t.s.i.SchemaDropperImpl$DelayedDropActionImpl - HHH000477: Starting delayed evictData of schema as part of SessionFactory shut-down'
