2025-02-20 23:15:43 INFO  o.s.t.c.s.AnnotationConfigContextLoaderUtils - Could not detect default configuration classes for test class [com.example.core.PassengerApplicationTests]: PassengerApplicationTests does not declare any static, non-private, non-final, nested classes annotated with @Configuration.
2025-02-20 23:15:43 INFO  o.s.b.t.c.SpringBootTestContextBootstrapper - Found @SpringBootConfiguration com.example.core.PassengerApplication for test class com.example.core.PassengerApplicationTests
2025-02-20 23:15:44 INFO  o.h.validator.internal.util.Version - HV000001: Hibernate Validator 7.0.1.Final
2025-02-20 23:15:44 INFO  c.e.core.PassengerApplicationTests - Starting PassengerApplicationTests using Java 23 with PID 6528 (started by Мария in C:\Modsen\Spring_Resources\Spring_Resources\Spring_Resources\passenger-service)
2025-02-20 23:15:44 INFO  c.e.core.PassengerApplicationTests - No active profile set, falling back to 1 default profile: "default"
2025-02-20 23:15:46 INFO  o.s.d.r.c.RepositoryConfigurationDelegate - Bootstrapping Spring Data JPA repositories in DEFAULT mode.
2025-02-20 23:15:46 INFO  o.s.d.r.c.RepositoryConfigurationDelegate - Finished Spring Data repository scanning in 123 ms. Found 1 JPA repository interface.
2025-02-20 23:15:48 INFO  com.zaxxer.hikari.HikariDataSource - HikariPool-1 - Starting...
2025-02-20 23:15:48 INFO  com.zaxxer.hikari.pool.HikariPool - HikariPool-1 - Added connection conn0: url=jdbc:h2:mem:05262491-34a8-458c-be9b-15f820c01b29 user=SA
2025-02-20 23:15:48 INFO  com.zaxxer.hikari.HikariDataSource - HikariPool-1 - Start completed.
2025-02-20 23:15:48 INFO  o.h.jpa.internal.util.LogHelper - HHH000204: Processing PersistenceUnitInfo [name: default]
2025-02-20 23:15:49 INFO  org.hibernate.Version - HHH000412: Hibernate ORM core version 6.2.0.Final
2025-02-20 23:15:49 INFO  org.hibernate.cfg.Environment - HHH000406: Using bytecode reflection optimizer
2025-02-20 23:15:49 INFO  o.h.b.i.BytecodeProviderInitiator - HHH000021: Bytecode provider name : bytebuddy
2025-02-20 23:15:49 INFO  o.s.o.j.p.SpringPersistenceUnitInfo - No LoadTimeWeaver setup: ignoring JPA class transformer
2025-02-20 23:15:49 INFO  SQL dialect - HHH000400: Using dialect: org.hibernate.dialect.H2Dialect
2025-02-20 23:15:50 INFO  o.h.b.i.BytecodeProviderInitiator - HHH000021: Bytecode provider name : bytebuddy
2025-02-20 23:15:51 INFO  o.h.e.t.j.p.i.JtaPlatformInitiator - HHH000490: Using JtaPlatform implementation: [org.hibernate.engine.transaction.jta.platform.internal.NoJtaPlatform]
2025-02-20 23:15:51 INFO  o.h.t.s.i.e.GenerationTargetToDatabase - HHH000476: Executing script '[injected ScriptSourceInputNonExistentImpl script]'
2025-02-20 23:15:51 INFO  o.s.o.j.LocalContainerEntityManagerFactoryBean - Initialized JPA EntityManagerFactory for persistence unit 'default'
2025-02-20 23:15:52 WARN  o.s.b.a.o.j.JpaBaseConfiguration$JpaWebConfiguration - spring.jpa.open-in-view is enabled by default. Therefore, database queries may be performed during view rendering. Explicitly configure spring.jpa.open-in-view to disable this warning
2025-02-20 23:15:53 INFO  c.e.core.PassengerApplicationTests - Started PassengerApplicationTests in 9.514 seconds (process running for 13.363)
2025-02-20 23:15:55 INFO  o.s.t.c.s.AnnotationConfigContextLoaderUtils - Could not detect default configuration classes for test class [com.example.core.service.PassengerServiceIntegrationTest]: PassengerServiceIntegrationTest does not declare any static, non-private, non-final, nested classes annotated with @Configuration.
2025-02-20 23:15:55 INFO  o.s.b.t.c.SpringBootTestContextBootstrapper - Found @SpringBootConfiguration com.example.core.PassengerApplication for test class com.example.core.service.PassengerServiceIntegrationTest
2025-02-20 23:15:55 INFO  c.e.core.service.PassengerService - Registering passenger: PassengerDto(id=null, name=Test Name, email=test@example.com, password=password, phoneNumber=1234567890)
2025-02-20 23:15:55 INFO  c.e.core.service.PassengerService - Mapped entity: Passenger(id=null, name=Test Name, email=test@example.com, password=password, phoneNumber=1234567890)
2025-02-20 23:15:55 INFO  c.e.core.service.PassengerService - Saved passenger: Passenger(id=1, name=Test Name, email=test@example.com, password=password, phoneNumber=1234567890)
2025-02-20 23:15:55 INFO  o.s.t.c.s.AnnotationConfigContextLoaderUtils - Could not detect default configuration classes for test class [com.example.core.controller.PassengerControllerIntegrationTest]: PassengerControllerIntegrationTest does not declare any static, non-private, non-final, nested classes annotated with @Configuration.
2025-02-20 23:15:55 INFO  o.s.b.t.c.SpringBootTestContextBootstrapper - Found @SpringBootConfiguration com.example.core.PassengerApplication for test class com.example.core.controller.PassengerControllerIntegrationTest
2025-02-20 23:15:55 INFO  c.e.c.c.PassengerControllerIntegrationTest - Starting PassengerControllerIntegrationTest using Java 23 with PID 6528 (started by Мария in C:\Modsen\Spring_Resources\Spring_Resources\Spring_Resources\passenger-service)
2025-02-20 23:15:55 INFO  c.e.c.c.PassengerControllerIntegrationTest - No active profile set, falling back to 1 default profile: "default"
2025-02-20 23:15:56 INFO  o.s.d.r.c.RepositoryConfigurationDelegate - Bootstrapping Spring Data JPA repositories in DEFAULT mode.
2025-02-20 23:15:56 INFO  o.s.d.r.c.RepositoryConfigurationDelegate - Finished Spring Data repository scanning in 17 ms. Found 1 JPA repository interface.
2025-02-20 23:15:56 INFO  com.zaxxer.hikari.HikariDataSource - HikariPool-2 - Starting...
2025-02-20 23:15:56 INFO  com.zaxxer.hikari.pool.HikariPool - HikariPool-2 - Added connection conn10: url=jdbc:h2:mem:472d07d2-eb1e-4bc9-b4a1-2d5f8cc49b46 user=SA
2025-02-20 23:15:56 INFO  com.zaxxer.hikari.HikariDataSource - HikariPool-2 - Start completed.
2025-02-20 23:15:56 INFO  o.h.jpa.internal.util.LogHelper - HHH000204: Processing PersistenceUnitInfo [name: default]
2025-02-20 23:15:56 INFO  o.h.b.i.BytecodeProviderInitiator - HHH000021: Bytecode provider name : bytebuddy
2025-02-20 23:15:56 INFO  o.s.o.j.p.SpringPersistenceUnitInfo - No LoadTimeWeaver setup: ignoring JPA class transformer
2025-02-20 23:15:56 INFO  SQL dialect - HHH000400: Using dialect: org.hibernate.dialect.H2Dialect
2025-02-20 23:15:56 INFO  o.h.b.i.BytecodeProviderInitiator - HHH000021: Bytecode provider name : bytebuddy
2025-02-20 23:15:56 INFO  o.h.e.t.j.p.i.JtaPlatformInitiator - HHH000490: Using JtaPlatform implementation: [org.hibernate.engine.transaction.jta.platform.internal.NoJtaPlatform]
2025-02-20 23:15:56 INFO  o.h.t.s.i.e.GenerationTargetToDatabase - HHH000476: Executing script '[injected ScriptSourceInputNonExistentImpl script]'
2025-02-20 23:15:56 INFO  o.s.o.j.LocalContainerEntityManagerFactoryBean - Initialized JPA EntityManagerFactory for persistence unit 'default'
2025-02-20 23:15:56 WARN  o.s.b.a.o.j.JpaBaseConfiguration$JpaWebConfiguration - spring.jpa.open-in-view is enabled by default. Therefore, database queries may be performed during view rendering. Explicitly configure spring.jpa.open-in-view to disable this warning
2025-02-20 23:15:56 INFO  o.s.b.t.m.w.SpringBootMockServletContext - Initializing Spring TestDispatcherServlet ''
2025-02-20 23:15:56 INFO  o.s.t.w.s.TestDispatcherServlet - Initializing Servlet ''
2025-02-20 23:15:56 INFO  o.s.t.w.s.TestDispatcherServlet - Completed initialization in 1 ms
2025-02-20 23:15:56 INFO  c.e.c.c.PassengerControllerIntegrationTest - Started PassengerControllerIntegrationTest in 1.246 seconds (process running for 16.415)
2025-02-20 23:15:57 INFO  c.e.c.controller.PassengerController - Received passenger DTO: PassengerDto(id=null, name=Test Name, email=test@example.com, password=password, phoneNumber=null)
2025-02-20 23:15:57 INFO  c.e.core.service.PassengerService - Registering passenger: PassengerDto(id=null, name=Test Name, email=test@example.com, password=password, phoneNumber=null)
2025-02-20 23:15:57 INFO  c.e.core.service.PassengerService - Mapped entity: Passenger(id=null, name=Test Name, email=test@example.com, password=password, phoneNumber=null)
2025-02-20 23:15:57 INFO  c.e.core.service.PassengerService - Saved passenger: Passenger(id=1, name=Test Name, email=test@example.com, password=password, phoneNumber=null)
2025-02-20 23:15:57 INFO  c.e.c.controller.PassengerController - Received request to delete passenger with id: 2
2025-02-20 23:15:57 INFO  c.e.c.controller.PassengerController - Received request to update passenger: PassengerDto(id=null, name=Updated Name, email=testupdate@example.com, password=password, phoneNumber=null)
2025-02-20 23:15:57 INFO  c.e.c.controller.PassengerController - Received request to get passenger by email: test@example.com
2025-02-20 23:15:57 INFO  c.e.c.controller.PassengerController - Received passenger DTO: PassengerDto(id=null, name=null, email=null, password=null, phoneNumber=null)
2025-02-20 23:15:57 INFO  c.e.c.controller.PassengerController - Received request to delete passenger with id: 1
2025-02-20 23:15:57 INFO  c.e.c.controller.PassengerController - Received request to update passenger: PassengerDto(id=null, name=null, email=null, password=null, phoneNumber=null)
2025-02-20 23:15:57 INFO  c.e.c.controller.PassengerController - Received request to get passenger by email: test@example.com
2025-02-20 23:15:57 INFO  c.e.c.controller.PassengerController - Received request to get passenger by email: test@example.com
2025-02-20 23:15:58 INFO  c.e.core.service.PassengerService - Registering passenger: PassengerDto(id=null, name=null, email=null, password=null, phoneNumber=null)
2025-02-20 23:15:58 INFO  c.e.core.service.PassengerService - Mapped entity: Passenger(id=null, name=null, email=null, password=null, phoneNumber=null)
2025-02-20 23:15:58 INFO  c.e.core.service.PassengerService - Saved passenger: Passenger(id=null, name=null, email=null, password=null, phoneNumber=null)
2025-02-20 23:15:58 INFO  o.s.t.c.s.AnnotationConfigContextLoaderUtils - Could not detect default configuration classes for test class [com.example.core.repository.PassengerRepositoryTest]: PassengerRepositoryTest does not declare any static, non-private, non-final, nested classes annotated with @Configuration.
2025-02-20 23:15:58 INFO  o.s.b.t.c.SpringBootTestContextBootstrapper - Found @SpringBootConfiguration com.example.core.PassengerApplication for test class com.example.core.repository.PassengerRepositoryTest
2025-02-20 23:15:58 INFO  c.e.c.r.PassengerRepositoryTest - Starting PassengerRepositoryTest using Java 23 with PID 6528 (started by Мария in C:\Modsen\Spring_Resources\Spring_Resources\Spring_Resources\passenger-service)
2025-02-20 23:15:58 INFO  c.e.c.r.PassengerRepositoryTest - No active profile set, falling back to 1 default profile: "default"
2025-02-20 23:15:58 INFO  o.s.d.r.c.RepositoryConfigurationDelegate - Bootstrapping Spring Data JPA repositories in DEFAULT mode.
2025-02-20 23:15:58 INFO  o.s.d.r.c.RepositoryConfigurationDelegate - Finished Spring Data repository scanning in 37 ms. Found 1 JPA repository interface.
2025-02-20 23:15:58 INFO  o.s.b.t.a.j.TestDatabaseAutoConfiguration$EmbeddedDataSourceBeanFactoryPostProcessor - Replacing 'dataSource' DataSource bean with embedded version
2025-02-20 23:15:58 INFO  o.s.j.d.e.EmbeddedDatabaseFactory - Starting embedded database: url='jdbc:h2:mem:11e70bd0-fadf-4d76-b71f-0af838702d30;DB_CLOSE_DELAY=-1;DB_CLOSE_ON_EXIT=false', username='sa'
2025-02-20 23:15:58 INFO  o.h.jpa.internal.util.LogHelper - HHH000204: Processing PersistenceUnitInfo [name: default]
2025-02-20 23:15:58 INFO  o.h.b.i.BytecodeProviderInitiator - HHH000021: Bytecode provider name : bytebuddy
2025-02-20 23:15:58 INFO  o.s.o.j.p.SpringPersistenceUnitInfo - No LoadTimeWeaver setup: ignoring JPA class transformer
2025-02-20 23:15:58 INFO  SQL dialect - HHH000400: Using dialect: org.hibernate.dialect.H2Dialect
2025-02-20 23:15:58 INFO  o.h.b.i.BytecodeProviderInitiator - HHH000021: Bytecode provider name : bytebuddy
2025-02-20 23:15:58 INFO  o.h.e.t.j.p.i.JtaPlatformInitiator - HHH000490: Using JtaPlatform implementation: [org.hibernate.engine.transaction.jta.platform.internal.NoJtaPlatform]
2025-02-20 23:15:58 INFO  o.h.t.s.i.e.GenerationTargetToDatabase - HHH000476: Executing script '[injected ScriptSourceInputNonExistentImpl script]'
2025-02-20 23:15:58 INFO  o.s.o.j.LocalContainerEntityManagerFactoryBean - Initialized JPA EntityManagerFactory for persistence unit 'default'
2025-02-20 23:15:59 INFO  c.e.c.r.PassengerRepositoryTest - Started PassengerRepositoryTest in 0.744 seconds (process running for 18.59)
2025-02-20 23:15:59 INFO  o.s.o.j.LocalContainerEntityManagerFactoryBean - Closing JPA EntityManagerFactory for persistence unit 'default'
2025-02-20 23:15:59 INFO  o.h.t.s.i.SchemaDropperImpl$DelayedDropActionImpl - HHH000477: Starting delayed evictData of schema as part of SessionFactory shut-down'
2025-02-20 23:15:59 INFO  com.zaxxer.hikari.HikariDataSource - HikariPool-1 - Shutdown initiated...
2025-02-20 23:15:59 INFO  com.zaxxer.hikari.HikariDataSource - HikariPool-1 - Shutdown completed.
2025-02-20 23:15:59 INFO  o.s.o.j.LocalContainerEntityManagerFactoryBean - Closing JPA EntityManagerFactory for persistence unit 'default'
2025-02-20 23:15:59 INFO  o.h.t.s.i.SchemaDropperImpl$DelayedDropActionImpl - HHH000477: Starting delayed evictData of schema as part of SessionFactory shut-down'
2025-02-20 23:15:59 INFO  com.zaxxer.hikari.HikariDataSource - HikariPool-2 - Shutdown initiated...
2025-02-20 23:15:59 INFO  com.zaxxer.hikari.HikariDataSource - HikariPool-2 - Shutdown completed.
2025-02-20 23:15:59 INFO  o.s.o.j.LocalContainerEntityManagerFactoryBean - Closing JPA EntityManagerFactory for persistence unit 'default'
2025-02-20 23:15:59 INFO  o.h.t.s.i.SchemaDropperImpl$DelayedDropActionImpl - HHH000477: Starting delayed evictData of schema as part of SessionFactory shut-down'
2025-02-20 23:19:03 INFO  o.s.t.c.s.AnnotationConfigContextLoaderUtils - Could not detect default configuration classes for test class [com.example.core.PassengerApplicationTests]: PassengerApplicationTests does not declare any static, non-private, non-final, nested classes annotated with @Configuration.
2025-02-20 23:19:04 INFO  o.s.b.t.c.SpringBootTestContextBootstrapper - Found @SpringBootConfiguration com.example.core.PassengerApplication for test class com.example.core.PassengerApplicationTests
2025-02-20 23:19:05 INFO  o.h.validator.internal.util.Version - HV000001: Hibernate Validator 7.0.1.Final
2025-02-20 23:19:05 INFO  c.e.core.PassengerApplicationTests - Starting PassengerApplicationTests using Java 23 with PID 8728 (started by Мария in C:\Modsen\Spring_Resources\Spring_Resources\Spring_Resources\passenger-service)
2025-02-20 23:19:05 INFO  c.e.core.PassengerApplicationTests - No active profile set, falling back to 1 default profile: "default"
2025-02-20 23:19:06 INFO  o.s.d.r.c.RepositoryConfigurationDelegate - Bootstrapping Spring Data JPA repositories in DEFAULT mode.
2025-02-20 23:19:07 INFO  o.s.d.r.c.RepositoryConfigurationDelegate - Finished Spring Data repository scanning in 142 ms. Found 1 JPA repository interface.
2025-02-20 23:19:08 INFO  com.zaxxer.hikari.HikariDataSource - HikariPool-1 - Starting...
2025-02-20 23:19:08 INFO  com.zaxxer.hikari.pool.HikariPool - HikariPool-1 - Added connection conn0: url=jdbc:h2:mem:b25b6fe3-359f-4433-ae33-b92f8107b992 user=SA
2025-02-20 23:19:08 INFO  com.zaxxer.hikari.HikariDataSource - HikariPool-1 - Start completed.
2025-02-20 23:19:08 INFO  o.h.jpa.internal.util.LogHelper - HHH000204: Processing PersistenceUnitInfo [name: default]
2025-02-20 23:19:08 INFO  org.hibernate.Version - HHH000412: Hibernate ORM core version 6.2.0.Final
2025-02-20 23:19:09 INFO  org.hibernate.cfg.Environment - HHH000406: Using bytecode reflection optimizer
2025-02-20 23:19:09 INFO  o.h.b.i.BytecodeProviderInitiator - HHH000021: Bytecode provider name : bytebuddy
2025-02-20 23:19:09 INFO  o.s.o.j.p.SpringPersistenceUnitInfo - No LoadTimeWeaver setup: ignoring JPA class transformer
2025-02-20 23:19:09 INFO  SQL dialect - HHH000400: Using dialect: org.hibernate.dialect.H2Dialect
2025-02-20 23:19:10 INFO  o.h.b.i.BytecodeProviderInitiator - HHH000021: Bytecode provider name : bytebuddy
2025-02-20 23:19:11 INFO  o.h.e.t.j.p.i.JtaPlatformInitiator - HHH000490: Using JtaPlatform implementation: [org.hibernate.engine.transaction.jta.platform.internal.NoJtaPlatform]
2025-02-20 23:19:11 INFO  o.h.t.s.i.e.GenerationTargetToDatabase - HHH000476: Executing script '[injected ScriptSourceInputNonExistentImpl script]'
2025-02-20 23:19:11 INFO  o.s.o.j.LocalContainerEntityManagerFactoryBean - Initialized JPA EntityManagerFactory for persistence unit 'default'
2025-02-20 23:19:11 WARN  o.s.b.a.o.j.JpaBaseConfiguration$JpaWebConfiguration - spring.jpa.open-in-view is enabled by default. Therefore, database queries may be performed during view rendering. Explicitly configure spring.jpa.open-in-view to disable this warning
2025-02-20 23:19:13 INFO  c.e.core.PassengerApplicationTests - Started PassengerApplicationTests in 8.601 seconds (process running for 12.136)
2025-02-20 23:19:14 INFO  o.s.t.c.s.AnnotationConfigContextLoaderUtils - Could not detect default configuration classes for test class [com.example.core.service.PassengerServiceIntegrationTest]: PassengerServiceIntegrationTest does not declare any static, non-private, non-final, nested classes annotated with @Configuration.
2025-02-20 23:19:14 INFO  o.s.b.t.c.SpringBootTestContextBootstrapper - Found @SpringBootConfiguration com.example.core.PassengerApplication for test class com.example.core.service.PassengerServiceIntegrationTest
2025-02-20 23:19:14 INFO  c.e.core.service.PassengerService - Registering passenger: PassengerDto(id=null, name=Test Name, email=test@example.com, password=password, phoneNumber=1234567890)
2025-02-20 23:19:14 INFO  c.e.core.service.PassengerService - Mapped entity: Passenger(id=null, name=Test Name, email=test@example.com, password=password, phoneNumber=1234567890)
2025-02-20 23:19:14 INFO  c.e.core.service.PassengerService - Saved passenger: Passenger(id=1, name=Test Name, email=test@example.com, password=password, phoneNumber=1234567890)
2025-02-20 23:19:14 INFO  o.s.t.c.s.AnnotationConfigContextLoaderUtils - Could not detect default configuration classes for test class [com.example.core.controller.PassengerControllerIntegrationTest]: PassengerControllerIntegrationTest does not declare any static, non-private, non-final, nested classes annotated with @Configuration.
2025-02-20 23:19:14 INFO  o.s.b.t.c.SpringBootTestContextBootstrapper - Found @SpringBootConfiguration com.example.core.PassengerApplication for test class com.example.core.controller.PassengerControllerIntegrationTest
2025-02-20 23:19:14 INFO  c.e.c.c.PassengerControllerIntegrationTest - Starting PassengerControllerIntegrationTest using Java 23 with PID 8728 (started by Мария in C:\Modsen\Spring_Resources\Spring_Resources\Spring_Resources\passenger-service)
2025-02-20 23:19:14 INFO  c.e.c.c.PassengerControllerIntegrationTest - No active profile set, falling back to 1 default profile: "default"
2025-02-20 23:19:15 INFO  o.s.d.r.c.RepositoryConfigurationDelegate - Bootstrapping Spring Data JPA repositories in DEFAULT mode.
2025-02-20 23:19:15 INFO  o.s.d.r.c.RepositoryConfigurationDelegate - Finished Spring Data repository scanning in 18 ms. Found 1 JPA repository interface.
2025-02-20 23:19:15 INFO  com.zaxxer.hikari.HikariDataSource - HikariPool-2 - Starting...
2025-02-20 23:19:15 INFO  com.zaxxer.hikari.pool.HikariPool - HikariPool-2 - Added connection conn10: url=jdbc:h2:mem:46c58b7a-2f84-4a29-b533-f1bc2615c111 user=SA
2025-02-20 23:19:15 INFO  com.zaxxer.hikari.HikariDataSource - HikariPool-2 - Start completed.
2025-02-20 23:19:15 INFO  o.h.jpa.internal.util.LogHelper - HHH000204: Processing PersistenceUnitInfo [name: default]
2025-02-20 23:19:15 INFO  o.h.b.i.BytecodeProviderInitiator - HHH000021: Bytecode provider name : bytebuddy
2025-02-20 23:19:15 INFO  o.s.o.j.p.SpringPersistenceUnitInfo - No LoadTimeWeaver setup: ignoring JPA class transformer
2025-02-20 23:19:15 INFO  SQL dialect - HHH000400: Using dialect: org.hibernate.dialect.H2Dialect
2025-02-20 23:19:15 INFO  o.h.b.i.BytecodeProviderInitiator - HHH000021: Bytecode provider name : bytebuddy
2025-02-20 23:19:15 INFO  o.h.e.t.j.p.i.JtaPlatformInitiator - HHH000490: Using JtaPlatform implementation: [org.hibernate.engine.transaction.jta.platform.internal.NoJtaPlatform]
2025-02-20 23:19:15 INFO  o.h.t.s.i.e.GenerationTargetToDatabase - HHH000476: Executing script '[injected ScriptSourceInputNonExistentImpl script]'
2025-02-20 23:19:15 INFO  o.s.o.j.LocalContainerEntityManagerFactoryBean - Initialized JPA EntityManagerFactory for persistence unit 'default'
2025-02-20 23:19:15 WARN  o.s.b.a.o.j.JpaBaseConfiguration$JpaWebConfiguration - spring.jpa.open-in-view is enabled by default. Therefore, database queries may be performed during view rendering. Explicitly configure spring.jpa.open-in-view to disable this warning
2025-02-20 23:19:16 INFO  o.s.b.t.m.w.SpringBootMockServletContext - Initializing Spring TestDispatcherServlet ''
2025-02-20 23:19:16 INFO  o.s.t.w.s.TestDispatcherServlet - Initializing Servlet ''
2025-02-20 23:19:16 INFO  o.s.t.w.s.TestDispatcherServlet - Completed initialization in 2 ms
2025-02-20 23:19:16 INFO  c.e.c.c.PassengerControllerIntegrationTest - Started PassengerControllerIntegrationTest in 1.369 seconds (process running for 15.015)
2025-02-20 23:19:16 INFO  c.e.c.controller.PassengerController - Received passenger DTO: PassengerDto(id=null, name=Test Name, email=test@example.com, password=password, phoneNumber=null)
2025-02-20 23:19:16 INFO  c.e.core.service.PassengerService - Registering passenger: PassengerDto(id=null, name=Test Name, email=test@example.com, password=password, phoneNumber=null)
2025-02-20 23:19:16 INFO  c.e.core.service.PassengerService - Mapped entity: Passenger(id=null, name=Test Name, email=test@example.com, password=password, phoneNumber=null)
2025-02-20 23:19:16 INFO  c.e.core.service.PassengerService - Saved passenger: Passenger(id=1, name=Test Name, email=test@example.com, password=password, phoneNumber=null)
2025-02-20 23:19:16 INFO  c.e.c.controller.PassengerController - Received request to delete passenger with id: 2
2025-02-20 23:19:16 INFO  c.e.c.controller.PassengerController - Received request to update passenger: PassengerDto(id=null, name=Updated Name, email=testupdate@example.com, password=password, phoneNumber=null)
2025-02-20 23:19:16 INFO  c.e.c.controller.PassengerController - Received request to get passenger by email: test@example.com
2025-02-20 23:19:17 INFO  c.e.c.controller.PassengerController - Received passenger DTO: PassengerDto(id=null, name=null, email=null, password=null, phoneNumber=null)
2025-02-20 23:19:17 INFO  c.e.c.controller.PassengerController - Received request to delete passenger with id: 1
2025-02-20 23:19:17 INFO  c.e.c.controller.PassengerController - Received request to update passenger: PassengerDto(id=null, name=null, email=null, password=null, phoneNumber=null)
2025-02-20 23:19:17 INFO  c.e.c.controller.PassengerController - Received request to get passenger by email: test@example.com
2025-02-20 23:19:17 INFO  c.e.c.controller.PassengerController - Received request to get passenger by email: test@example.com
2025-02-20 23:19:17 INFO  c.e.core.service.PassengerService - Registering passenger: PassengerDto(id=null, name=null, email=null, password=null, phoneNumber=null)
2025-02-20 23:19:17 INFO  c.e.core.service.PassengerService - Mapped entity: Passenger(id=null, name=null, email=null, password=null, phoneNumber=null)
2025-02-20 23:19:17 INFO  c.e.core.service.PassengerService - Saved passenger: Passenger(id=null, name=null, email=null, password=null, phoneNumber=null)
2025-02-20 23:19:17 INFO  o.s.t.c.s.AnnotationConfigContextLoaderUtils - Could not detect default configuration classes for test class [com.example.core.repository.PassengerRepositoryTest]: PassengerRepositoryTest does not declare any static, non-private, non-final, nested classes annotated with @Configuration.
2025-02-20 23:19:17 INFO  o.s.b.t.c.SpringBootTestContextBootstrapper - Found @SpringBootConfiguration com.example.core.PassengerApplication for test class com.example.core.repository.PassengerRepositoryTest
2025-02-20 23:19:17 INFO  c.e.c.r.PassengerRepositoryTest - Starting PassengerRepositoryTest using Java 23 with PID 8728 (started by Мария in C:\Modsen\Spring_Resources\Spring_Resources\Spring_Resources\passenger-service)
2025-02-20 23:19:17 INFO  c.e.c.r.PassengerRepositoryTest - No active profile set, falling back to 1 default profile: "default"
2025-02-20 23:19:18 INFO  o.s.d.r.c.RepositoryConfigurationDelegate - Bootstrapping Spring Data JPA repositories in DEFAULT mode.
2025-02-20 23:19:18 INFO  o.s.d.r.c.RepositoryConfigurationDelegate - Finished Spring Data repository scanning in 44 ms. Found 1 JPA repository interface.
2025-02-20 23:19:18 INFO  o.s.b.t.a.j.TestDatabaseAutoConfiguration$EmbeddedDataSourceBeanFactoryPostProcessor - Replacing 'dataSource' DataSource bean with embedded version
2025-02-20 23:19:18 INFO  o.s.j.d.e.EmbeddedDatabaseFactory - Starting embedded database: url='jdbc:h2:mem:744420f7-53af-4a0b-a6b1-2f6d81c90f89;DB_CLOSE_DELAY=-1;DB_CLOSE_ON_EXIT=false', username='sa'
2025-02-20 23:19:18 INFO  o.h.jpa.internal.util.LogHelper - HHH000204: Processing PersistenceUnitInfo [name: default]
2025-02-20 23:19:18 INFO  o.h.b.i.BytecodeProviderInitiator - HHH000021: Bytecode provider name : bytebuddy
2025-02-20 23:19:18 INFO  o.s.o.j.p.SpringPersistenceUnitInfo - No LoadTimeWeaver setup: ignoring JPA class transformer
2025-02-20 23:19:18 INFO  SQL dialect - HHH000400: Using dialect: org.hibernate.dialect.H2Dialect
2025-02-20 23:19:18 INFO  o.h.b.i.BytecodeProviderInitiator - HHH000021: Bytecode provider name : bytebuddy
2025-02-20 23:19:18 INFO  o.h.e.t.j.p.i.JtaPlatformInitiator - HHH000490: Using JtaPlatform implementation: [org.hibernate.engine.transaction.jta.platform.internal.NoJtaPlatform]
2025-02-20 23:19:18 INFO  o.h.t.s.i.e.GenerationTargetToDatabase - HHH000476: Executing script '[injected ScriptSourceInputNonExistentImpl script]'
2025-02-20 23:19:18 INFO  o.s.o.j.LocalContainerEntityManagerFactoryBean - Initialized JPA EntityManagerFactory for persistence unit 'default'
2025-02-20 23:19:18 INFO  c.e.c.r.PassengerRepositoryTest - Started PassengerRepositoryTest in 1.087 seconds (process running for 17.675)
2025-02-20 23:19:18 INFO  o.s.o.j.LocalContainerEntityManagerFactoryBean - Closing JPA EntityManagerFactory for persistence unit 'default'
2025-02-20 23:19:18 INFO  o.h.t.s.i.SchemaDropperImpl$DelayedDropActionImpl - HHH000477: Starting delayed evictData of schema as part of SessionFactory shut-down'
2025-02-20 23:19:18 INFO  com.zaxxer.hikari.HikariDataSource - HikariPool-1 - Shutdown initiated...
2025-02-20 23:19:18 INFO  com.zaxxer.hikari.HikariDataSource - HikariPool-1 - Shutdown completed.
2025-02-20 23:19:18 INFO  o.s.o.j.LocalContainerEntityManagerFactoryBean - Closing JPA EntityManagerFactory for persistence unit 'default'
2025-02-20 23:19:18 INFO  o.h.t.s.i.SchemaDropperImpl$DelayedDropActionImpl - HHH000477: Starting delayed evictData of schema as part of SessionFactory shut-down'
2025-02-20 23:19:19 INFO  com.zaxxer.hikari.HikariDataSource - HikariPool-2 - Shutdown initiated...
2025-02-20 23:19:19 INFO  com.zaxxer.hikari.HikariDataSource - HikariPool-2 - Shutdown completed.
2025-02-20 23:19:19 INFO  o.s.o.j.LocalContainerEntityManagerFactoryBean - Closing JPA EntityManagerFactory for persistence unit 'default'
2025-02-20 23:19:19 INFO  o.h.t.s.i.SchemaDropperImpl$DelayedDropActionImpl - HHH000477: Starting delayed evictData of schema as part of SessionFactory shut-down'
2025-02-20 23:25:02 INFO  o.s.t.c.s.AnnotationConfigContextLoaderUtils - Could not detect default configuration classes for test class [com.example.core.PassengerApplicationTests]: PassengerApplicationTests does not declare any static, non-private, non-final, nested classes annotated with @Configuration.
2025-02-20 23:25:03 INFO  o.s.b.t.c.SpringBootTestContextBootstrapper - Found @SpringBootConfiguration com.example.core.PassengerApplication for test class com.example.core.PassengerApplicationTests
2025-02-20 23:25:03 INFO  o.h.validator.internal.util.Version - HV000001: Hibernate Validator 7.0.1.Final
2025-02-20 23:25:03 INFO  c.e.core.PassengerApplicationTests - Starting PassengerApplicationTests using Java 23 with PID 11268 (started by Мария in C:\Modsen\Spring_Resources\Spring_Resources\Spring_Resources\passenger-service)
2025-02-20 23:25:03 INFO  c.e.core.PassengerApplicationTests - No active profile set, falling back to 1 default profile: "default"
2025-02-20 23:25:05 INFO  o.s.d.r.c.RepositoryConfigurationDelegate - Bootstrapping Spring Data JPA repositories in DEFAULT mode.
2025-02-20 23:25:06 INFO  o.s.d.r.c.RepositoryConfigurationDelegate - Finished Spring Data repository scanning in 127 ms. Found 1 JPA repository interface.
2025-02-20 23:25:06 INFO  com.zaxxer.hikari.HikariDataSource - HikariPool-1 - Starting...
2025-02-20 23:25:07 INFO  com.zaxxer.hikari.pool.HikariPool - HikariPool-1 - Added connection conn0: url=jdbc:h2:mem:81f7b9f9-65e5-4edb-aa06-086bae793faa user=SA
2025-02-20 23:25:07 INFO  com.zaxxer.hikari.HikariDataSource - HikariPool-1 - Start completed.
2025-02-20 23:25:07 INFO  o.h.jpa.internal.util.LogHelper - HHH000204: Processing PersistenceUnitInfo [name: default]
2025-02-20 23:25:07 INFO  org.hibernate.Version - HHH000412: Hibernate ORM core version 6.2.0.Final
2025-02-20 23:25:07 INFO  org.hibernate.cfg.Environment - HHH000406: Using bytecode reflection optimizer
2025-02-20 23:25:08 INFO  o.h.b.i.BytecodeProviderInitiator - HHH000021: Bytecode provider name : bytebuddy
2025-02-20 23:25:08 INFO  o.s.o.j.p.SpringPersistenceUnitInfo - No LoadTimeWeaver setup: ignoring JPA class transformer
2025-02-20 23:25:08 INFO  SQL dialect - HHH000400: Using dialect: org.hibernate.dialect.H2Dialect
2025-02-20 23:25:09 INFO  o.h.b.i.BytecodeProviderInitiator - HHH000021: Bytecode provider name : bytebuddy
2025-02-20 23:25:10 INFO  o.h.e.t.j.p.i.JtaPlatformInitiator - HHH000490: Using JtaPlatform implementation: [org.hibernate.engine.transaction.jta.platform.internal.NoJtaPlatform]
2025-02-20 23:25:10 INFO  o.h.t.s.i.e.GenerationTargetToDatabase - HHH000476: Executing script '[injected ScriptSourceInputNonExistentImpl script]'
2025-02-20 23:25:10 INFO  o.s.o.j.LocalContainerEntityManagerFactoryBean - Initialized JPA EntityManagerFactory for persistence unit 'default'
2025-02-20 23:25:10 WARN  o.s.b.a.o.j.JpaBaseConfiguration$JpaWebConfiguration - spring.jpa.open-in-view is enabled by default. Therefore, database queries may be performed during view rendering. Explicitly configure spring.jpa.open-in-view to disable this warning
2025-02-20 23:25:12 INFO  c.e.core.PassengerApplicationTests - Started PassengerApplicationTests in 8.774 seconds (process running for 11.839)
2025-02-20 23:25:13 INFO  o.s.t.c.s.AnnotationConfigContextLoaderUtils - Could not detect default configuration classes for test class [com.example.core.service.PassengerServiceIntegrationTest]: PassengerServiceIntegrationTest does not declare any static, non-private, non-final, nested classes annotated with @Configuration.
2025-02-20 23:25:13 INFO  o.s.b.t.c.SpringBootTestContextBootstrapper - Found @SpringBootConfiguration com.example.core.PassengerApplication for test class com.example.core.service.PassengerServiceIntegrationTest
2025-02-20 23:25:13 INFO  c.e.core.service.PassengerService - Registering passenger: PassengerDto(id=null, name=Test Name, email=test@example.com, password=password, phoneNumber=1234567890)
2025-02-20 23:25:13 INFO  c.e.core.service.PassengerService - Mapped entity: Passenger(id=null, name=Test Name, email=test@example.com, password=password, phoneNumber=1234567890)
2025-02-20 23:25:13 INFO  c.e.core.service.PassengerService - Saved passenger: Passenger(id=1, name=Test Name, email=test@example.com, password=password, phoneNumber=1234567890)
2025-02-20 23:25:13 INFO  o.s.t.c.s.AnnotationConfigContextLoaderUtils - Could not detect default configuration classes for test class [com.example.core.controller.PassengerControllerIntegrationTest]: PassengerControllerIntegrationTest does not declare any static, non-private, non-final, nested classes annotated with @Configuration.
2025-02-20 23:25:13 INFO  o.s.b.t.c.SpringBootTestContextBootstrapper - Found @SpringBootConfiguration com.example.core.PassengerApplication for test class com.example.core.controller.PassengerControllerIntegrationTest
2025-02-20 23:25:13 INFO  c.e.c.c.PassengerControllerIntegrationTest - Starting PassengerControllerIntegrationTest using Java 23 with PID 11268 (started by Мария in C:\Modsen\Spring_Resources\Spring_Resources\Spring_Resources\passenger-service)
2025-02-20 23:25:13 INFO  c.e.c.c.PassengerControllerIntegrationTest - No active profile set, falling back to 1 default profile: "default"
2025-02-20 23:25:14 INFO  o.s.d.r.c.RepositoryConfigurationDelegate - Bootstrapping Spring Data JPA repositories in DEFAULT mode.
2025-02-20 23:25:14 INFO  o.s.d.r.c.RepositoryConfigurationDelegate - Finished Spring Data repository scanning in 26 ms. Found 1 JPA repository interface.
2025-02-20 23:25:14 INFO  com.zaxxer.hikari.HikariDataSource - HikariPool-2 - Starting...
2025-02-20 23:25:14 INFO  com.zaxxer.hikari.pool.HikariPool - HikariPool-2 - Added connection conn10: url=jdbc:h2:mem:e2591993-638c-43ae-93fb-1aa480abf5d2 user=SA
2025-02-20 23:25:14 INFO  com.zaxxer.hikari.HikariDataSource - HikariPool-2 - Start completed.
2025-02-20 23:25:14 INFO  o.h.jpa.internal.util.LogHelper - HHH000204: Processing PersistenceUnitInfo [name: default]
2025-02-20 23:25:14 INFO  o.h.b.i.BytecodeProviderInitiator - HHH000021: Bytecode provider name : bytebuddy
2025-02-20 23:25:14 INFO  o.s.o.j.p.SpringPersistenceUnitInfo - No LoadTimeWeaver setup: ignoring JPA class transformer
2025-02-20 23:25:14 INFO  SQL dialect - HHH000400: Using dialect: org.hibernate.dialect.H2Dialect
2025-02-20 23:25:14 INFO  o.h.b.i.BytecodeProviderInitiator - HHH000021: Bytecode provider name : bytebuddy
2025-02-20 23:25:14 INFO  o.h.e.t.j.p.i.JtaPlatformInitiator - HHH000490: Using JtaPlatform implementation: [org.hibernate.engine.transaction.jta.platform.internal.NoJtaPlatform]
2025-02-20 23:25:14 INFO  o.h.t.s.i.e.GenerationTargetToDatabase - HHH000476: Executing script '[injected ScriptSourceInputNonExistentImpl script]'
2025-02-20 23:25:14 INFO  o.s.o.j.LocalContainerEntityManagerFactoryBean - Initialized JPA EntityManagerFactory for persistence unit 'default'
2025-02-20 23:25:14 WARN  o.s.b.a.o.j.JpaBaseConfiguration$JpaWebConfiguration - spring.jpa.open-in-view is enabled by default. Therefore, database queries may be performed during view rendering. Explicitly configure spring.jpa.open-in-view to disable this warning
2025-02-20 23:25:15 INFO  o.s.b.t.m.w.SpringBootMockServletContext - Initializing Spring TestDispatcherServlet ''
2025-02-20 23:25:15 INFO  o.s.t.w.s.TestDispatcherServlet - Initializing Servlet ''
2025-02-20 23:25:15 INFO  o.s.t.w.s.TestDispatcherServlet - Completed initialization in 2 ms
2025-02-20 23:25:15 INFO  c.e.c.c.PassengerControllerIntegrationTest - Started PassengerControllerIntegrationTest in 1.349 seconds (process running for 14.822)
2025-02-20 23:25:15 INFO  c.e.c.controller.PassengerController - Received passenger DTO: PassengerDto(id=null, name=Test Name, email=test@example.com, password=password, phoneNumber=null)
2025-02-20 23:25:15 INFO  c.e.core.service.PassengerService - Registering passenger: PassengerDto(id=null, name=Test Name, email=test@example.com, password=password, phoneNumber=null)
2025-02-20 23:25:15 INFO  c.e.core.service.PassengerService - Mapped entity: Passenger(id=null, name=Test Name, email=test@example.com, password=password, phoneNumber=null)
2025-02-20 23:25:15 INFO  c.e.core.service.PassengerService - Saved passenger: Passenger(id=1, name=Test Name, email=test@example.com, password=password, phoneNumber=null)
2025-02-20 23:25:15 INFO  c.e.c.controller.PassengerController - Received request to delete passenger with id: 2
2025-02-20 23:25:15 INFO  c.e.c.controller.PassengerController - Received request to update passenger: PassengerDto(id=3, name=Updated Name, email=testupdate@example.com, password=password, phoneNumber=null)
2025-02-20 23:25:15 INFO  c.e.c.controller.PassengerController - Received request to get passenger by email: test@example.com
2025-02-20 23:25:16 INFO  c.e.c.controller.PassengerController - Received passenger DTO: PassengerDto(id=null, name=null, email=null, password=null, phoneNumber=null)
2025-02-20 23:25:16 INFO  c.e.c.controller.PassengerController - Received request to delete passenger with id: 1
2025-02-20 23:25:16 INFO  c.e.c.controller.PassengerController - Received request to update passenger: PassengerDto(id=1, name=null, email=null, password=null, phoneNumber=null)
2025-02-20 23:25:16 INFO  c.e.c.controller.PassengerController - Received request to get passenger by email: test@example.com
2025-02-20 23:25:16 INFO  c.e.c.controller.PassengerController - Received request to get passenger by email: test@example.com
2025-02-20 23:25:16 INFO  c.e.core.service.PassengerService - Registering passenger: PassengerDto(id=null, name=null, email=null, password=null, phoneNumber=null)
2025-02-20 23:25:16 INFO  c.e.core.service.PassengerService - Mapped entity: Passenger(id=null, name=null, email=null, password=null, phoneNumber=null)
2025-02-20 23:25:16 INFO  c.e.core.service.PassengerService - Saved passenger: Passenger(id=null, name=null, email=null, password=null, phoneNumber=null)
2025-02-20 23:25:16 INFO  o.s.t.c.s.AnnotationConfigContextLoaderUtils - Could not detect default configuration classes for test class [com.example.core.repository.PassengerRepositoryTest]: PassengerRepositoryTest does not declare any static, non-private, non-final, nested classes annotated with @Configuration.
2025-02-20 23:25:16 INFO  o.s.b.t.c.SpringBootTestContextBootstrapper - Found @SpringBootConfiguration com.example.core.PassengerApplication for test class com.example.core.repository.PassengerRepositoryTest
2025-02-20 23:25:16 INFO  c.e.c.r.PassengerRepositoryTest - Starting PassengerRepositoryTest using Java 23 with PID 11268 (started by Мария in C:\Modsen\Spring_Resources\Spring_Resources\Spring_Resources\passenger-service)
2025-02-20 23:25:16 INFO  c.e.c.r.PassengerRepositoryTest - No active profile set, falling back to 1 default profile: "default"
2025-02-20 23:25:16 INFO  o.s.d.r.c.RepositoryConfigurationDelegate - Bootstrapping Spring Data JPA repositories in DEFAULT mode.
2025-02-20 23:25:16 INFO  o.s.d.r.c.RepositoryConfigurationDelegate - Finished Spring Data repository scanning in 23 ms. Found 1 JPA repository interface.
2025-02-20 23:25:16 INFO  o.s.b.t.a.j.TestDatabaseAutoConfiguration$EmbeddedDataSourceBeanFactoryPostProcessor - Replacing 'dataSource' DataSource bean with embedded version
2025-02-20 23:25:17 INFO  o.s.j.d.e.EmbeddedDatabaseFactory - Starting embedded database: url='jdbc:h2:mem:5bb0d763-69e0-4794-a64d-f1499238d44a;DB_CLOSE_DELAY=-1;DB_CLOSE_ON_EXIT=false', username='sa'
2025-02-20 23:25:17 INFO  o.h.jpa.internal.util.LogHelper - HHH000204: Processing PersistenceUnitInfo [name: default]
2025-02-20 23:25:17 INFO  o.h.b.i.BytecodeProviderInitiator - HHH000021: Bytecode provider name : bytebuddy
2025-02-20 23:25:17 INFO  o.s.o.j.p.SpringPersistenceUnitInfo - No LoadTimeWeaver setup: ignoring JPA class transformer
2025-02-20 23:25:17 INFO  SQL dialect - HHH000400: Using dialect: org.hibernate.dialect.H2Dialect
2025-02-20 23:25:17 INFO  o.h.b.i.BytecodeProviderInitiator - HHH000021: Bytecode provider name : bytebuddy
2025-02-20 23:25:17 INFO  o.h.e.t.j.p.i.JtaPlatformInitiator - HHH000490: Using JtaPlatform implementation: [org.hibernate.engine.transaction.jta.platform.internal.NoJtaPlatform]
2025-02-20 23:25:17 INFO  o.h.t.s.i.e.GenerationTargetToDatabase - HHH000476: Executing script '[injected ScriptSourceInputNonExistentImpl script]'
2025-02-20 23:25:17 INFO  o.s.o.j.LocalContainerEntityManagerFactoryBean - Initialized JPA EntityManagerFactory for persistence unit 'default'
2025-02-20 23:25:17 INFO  c.e.c.r.PassengerRepositoryTest - Started PassengerRepositoryTest in 0.762 seconds (process running for 16.915)
2025-02-20 23:25:17 INFO  o.s.o.j.LocalContainerEntityManagerFactoryBean - Closing JPA EntityManagerFactory for persistence unit 'default'
2025-02-20 23:25:17 INFO  o.h.t.s.i.SchemaDropperImpl$DelayedDropActionImpl - HHH000477: Starting delayed evictData of schema as part of SessionFactory shut-down'
2025-02-20 23:25:17 INFO  com.zaxxer.hikari.HikariDataSource - HikariPool-1 - Shutdown initiated...
2025-02-20 23:25:17 INFO  com.zaxxer.hikari.HikariDataSource - HikariPool-1 - Shutdown completed.
2025-02-20 23:25:17 INFO  o.s.o.j.LocalContainerEntityManagerFactoryBean - Closing JPA EntityManagerFactory for persistence unit 'default'
2025-02-20 23:25:17 INFO  o.h.t.s.i.SchemaDropperImpl$DelayedDropActionImpl - HHH000477: Starting delayed evictData of schema as part of SessionFactory shut-down'
2025-02-20 23:25:17 INFO  com.zaxxer.hikari.HikariDataSource - HikariPool-2 - Shutdown initiated...
2025-02-20 23:25:17 INFO  com.zaxxer.hikari.HikariDataSource - HikariPool-2 - Shutdown completed.
2025-02-20 23:25:17 INFO  o.s.o.j.LocalContainerEntityManagerFactoryBean - Closing JPA EntityManagerFactory for persistence unit 'default'
2025-02-20 23:25:17 INFO  o.h.t.s.i.SchemaDropperImpl$DelayedDropActionImpl - HHH000477: Starting delayed evictData of schema as part of SessionFactory shut-down'
