2025-02-21 00:10:20 INFO  c.e.core.controller.DriverController - Fetching profile of driver with id:1
2025-02-21 00:10:21 INFO  c.e.core.controller.DriverController - Deleting driver with:1
2025-02-21 00:10:21 INFO  c.e.core.controller.DriverController - Editing profile of driver with id:1
2025-02-21 00:10:21 INFO  c.e.core.controller.DriverController - Rating driver with id:1 with rating:5
2025-02-21 00:10:21 INFO  c.e.core.controller.DriverController - Registering new driver:DriverDto(id=null, name=null, licenseNumber=null, rating=0)
2025-02-21 00:10:21 INFO  o.s.t.c.s.AnnotationConfigContextLoaderUtils - Could not detect default configuration classes for test class [com.example.core.DriverApplicationTests]: DriverApplicationTests does not declare any static, non-private, non-final, nested classes annotated with @Configuration.
2025-02-21 00:10:21 INFO  o.s.b.t.c.SpringBootTestContextBootstrapper - Found @SpringBootConfiguration com.example.core.DriverApplication for test class com.example.core.DriverApplicationTests
2025-02-21 00:10:21 INFO  o.s.b.d.r.RestartApplicationListener - Restart disabled due to context in which it is running
2025-02-21 00:10:22 INFO  o.h.validator.internal.util.Version - HV000001: Hibernate Validator 7.0.1.Final
2025-02-21 00:10:22 INFO  c.e.core.DriverApplicationTests - Starting DriverApplicationTests using Java 23 with PID 8488 (started by –ú–∞—Ä–∏—è in C:\Modsen\Spring_Resources\Spring_Resources\Spring_Resources\driver-service)
2025-02-21 00:10:22 INFO  c.e.core.DriverApplicationTests - No active profile set, falling back to 1 default profile: "default"
2025-02-21 00:10:24 INFO  o.s.d.r.c.RepositoryConfigurationDelegate - Bootstrapping Spring Data JPA repositories in DEFAULT mode.
2025-02-21 00:10:24 INFO  o.s.d.r.c.RepositoryConfigurationDelegate - Finished Spring Data repository scanning in 156 ms. Found 1 JPA repository interface.
2025-02-21 00:10:26 INFO  com.zaxxer.hikari.HikariDataSource - HikariPool-1 - Starting...
2025-02-21 00:10:26 INFO  com.zaxxer.hikari.pool.HikariPool - HikariPool-1 - Added connection conn0: url=jdbc:h2:mem:d7329c13-474c-4f4b-a7a5-3d5e8eec776b user=SA
2025-02-21 00:10:26 INFO  com.zaxxer.hikari.HikariDataSource - HikariPool-1 - Start completed.
2025-02-21 00:10:26 INFO  o.h.jpa.internal.util.LogHelper - HHH000204: Processing PersistenceUnitInfo [name: default]
2025-02-21 00:10:27 INFO  org.hibernate.Version - HHH000412: Hibernate ORM core version 6.2.0.Final
2025-02-21 00:10:27 INFO  org.hibernate.cfg.Environment - HHH000406: Using bytecode reflection optimizer
2025-02-21 00:10:27 INFO  o.h.b.i.BytecodeProviderInitiator - HHH000021: Bytecode provider name : bytebuddy
2025-02-21 00:10:27 INFO  o.s.o.j.p.SpringPersistenceUnitInfo - No LoadTimeWeaver setup: ignoring JPA class transformer
2025-02-21 00:10:27 INFO  SQL dialect - HHH000400: Using dialect: org.hibernate.dialect.H2Dialect
2025-02-21 00:10:28 INFO  o.h.b.i.BytecodeProviderInitiator - HHH000021: Bytecode provider name : bytebuddy
2025-02-21 00:10:28 INFO  o.h.e.t.j.p.i.JtaPlatformInitiator - HHH000490: Using JtaPlatform implementation: [org.hibernate.engine.transaction.jta.platform.internal.NoJtaPlatform]
2025-02-21 00:10:29 INFO  o.h.t.s.i.e.GenerationTargetToDatabase - HHH000476: Executing script '[injected ScriptSourceInputNonExistentImpl script]'
2025-02-21 00:10:29 INFO  o.s.o.j.LocalContainerEntityManagerFactoryBean - Initialized JPA EntityManagerFactory for persistence unit 'default'
2025-02-21 00:10:29 WARN  o.s.b.a.o.j.JpaBaseConfiguration$JpaWebConfiguration - spring.jpa.open-in-view is enabled by default. Therefore, database queries may be performed during view rendering. Explicitly configure spring.jpa.open-in-view to disable this warning
2025-02-21 00:10:29 WARN  o.s.b.a.s.s.UserDetailsServiceAutoConfiguration - 

Using generated security password: 8b580e00-a54d-4fc7-943a-d5c625b4c57f

This generated password is for development use only. Your security configuration must be updated before running your application in production.

2025-02-21 00:10:29 INFO  o.s.s.c.a.a.c.InitializeUserDetailsBeanManagerConfigurer$InitializeUserDetailsManagerConfigurer - Global AuthenticationManager configured with UserDetailsService bean with name inMemoryUserDetailsManager
2025-02-21 00:10:31 INFO  c.e.core.DriverApplicationTests - Started DriverApplicationTests in 9.973 seconds (process running for 15.835)
2025-02-21 00:10:32 INFO  o.s.t.c.s.AnnotationConfigContextLoaderUtils - Could not detect default configuration classes for test class [com.example.core.repository.DriverRepositoryTest]: DriverRepositoryTest does not declare any static, non-private, non-final, nested classes annotated with @Configuration.
2025-02-21 00:10:32 INFO  o.s.b.t.c.SpringBootTestContextBootstrapper - Found @SpringBootConfiguration com.example.core.DriverApplication for test class com.example.core.repository.DriverRepositoryTest
2025-02-21 00:10:32 INFO  o.s.b.d.r.RestartApplicationListener - Restart disabled due to context in which it is running
2025-02-21 00:10:32 INFO  c.e.c.r.DriverRepositoryTest - Starting DriverRepositoryTest using Java 23 with PID 8488 (started by –ú–∞—Ä–∏—è in C:\Modsen\Spring_Resources\Spring_Resources\Spring_Resources\driver-service)
2025-02-21 00:10:32 INFO  c.e.c.r.DriverRepositoryTest - No active profile set, falling back to 1 default profile: "default"
2025-02-21 00:10:32 INFO  o.s.d.r.c.RepositoryConfigurationDelegate - Bootstrapping Spring Data JPA repositories in DEFAULT mode.
2025-02-21 00:10:32 INFO  o.s.d.r.c.RepositoryConfigurationDelegate - Finished Spring Data repository scanning in 26 ms. Found 1 JPA repository interface.
2025-02-21 00:10:32 INFO  o.s.b.t.a.j.TestDatabaseAutoConfiguration$EmbeddedDataSourceBeanFactoryPostProcessor - Replacing 'dataSource' DataSource bean with embedded version
2025-02-21 00:10:32 INFO  o.s.j.d.e.EmbeddedDatabaseFactory - Starting embedded database: url='jdbc:h2:mem:dc68acba-01bc-48f6-99d2-b4088b0ab831;DB_CLOSE_DELAY=-1;DB_CLOSE_ON_EXIT=false', username='sa'
2025-02-21 00:10:32 INFO  o.h.jpa.internal.util.LogHelper - HHH000204: Processing PersistenceUnitInfo [name: default]
2025-02-21 00:10:32 INFO  o.h.b.i.BytecodeProviderInitiator - HHH000021: Bytecode provider name : bytebuddy
2025-02-21 00:10:32 INFO  o.s.o.j.p.SpringPersistenceUnitInfo - No LoadTimeWeaver setup: ignoring JPA class transformer
2025-02-21 00:10:32 INFO  SQL dialect - HHH000400: Using dialect: org.hibernate.dialect.H2Dialect
2025-02-21 00:10:32 INFO  o.h.b.i.BytecodeProviderInitiator - HHH000021: Bytecode provider name : bytebuddy
2025-02-21 00:10:32 INFO  o.h.e.t.j.p.i.JtaPlatformInitiator - HHH000490: Using JtaPlatform implementation: [org.hibernate.engine.transaction.jta.platform.internal.NoJtaPlatform]
2025-02-21 00:10:32 INFO  o.h.t.s.i.e.GenerationTargetToDatabase - HHH000476: Executing script '[injected ScriptSourceInputNonExistentImpl script]'
2025-02-21 00:10:32 INFO  o.s.o.j.LocalContainerEntityManagerFactoryBean - Initialized JPA EntityManagerFactory for persistence unit 'default'
2025-02-21 00:10:32 INFO  c.e.c.r.DriverRepositoryTest - Started DriverRepositoryTest in 0.62 seconds (process running for 16.569)
2025-02-21 00:10:33 INFO  o.s.t.c.s.AnnotationConfigContextLoaderUtils - Could not detect default configuration classes for test class [com.example.core.service.DriverServiceIntegrationTest]: DriverServiceIntegrationTest does not declare any static, non-private, non-final, nested classes annotated with @Configuration.
2025-02-21 00:10:33 INFO  o.s.b.t.c.SpringBootTestContextBootstrapper - Found @SpringBootConfiguration com.example.core.DriverApplication for test class com.example.core.service.DriverServiceIntegrationTest
2025-02-21 00:10:34 INFO  o.s.t.c.s.AnnotationConfigContextLoaderUtils - Could not detect default configuration classes for test class [com.example.core.controller.DriverControllerIntegrationTest]: DriverControllerIntegrationTest does not declare any static, non-private, non-final, nested classes annotated with @Configuration.
2025-02-21 00:10:34 INFO  o.s.b.t.c.SpringBootTestContextBootstrapper - Found @SpringBootConfiguration com.example.core.DriverApplication for test class com.example.core.controller.DriverControllerIntegrationTest
2025-02-21 00:10:34 INFO  o.s.b.d.r.RestartApplicationListener - Restart disabled due to context in which it is running
2025-02-21 00:10:34 INFO  c.e.c.c.DriverControllerIntegrationTest - Starting DriverControllerIntegrationTest using Java 23 with PID 8488 (started by –ú–∞—Ä–∏—è in C:\Modsen\Spring_Resources\Spring_Resources\Spring_Resources\driver-service)
2025-02-21 00:10:34 INFO  c.e.c.c.DriverControllerIntegrationTest - No active profile set, falling back to 1 default profile: "default"
2025-02-21 00:10:35 INFO  o.s.d.r.c.RepositoryConfigurationDelegate - Bootstrapping Spring Data JPA repositories in DEFAULT mode.
2025-02-21 00:10:35 INFO  o.s.d.r.c.RepositoryConfigurationDelegate - Finished Spring Data repository scanning in 32 ms. Found 1 JPA repository interface.
2025-02-21 00:10:35 INFO  com.zaxxer.hikari.HikariDataSource - HikariPool-2 - Starting...
2025-02-21 00:10:35 INFO  com.zaxxer.hikari.pool.HikariPool - HikariPool-2 - Added connection conn18: url=jdbc:h2:mem:57503a41-8f6a-43a3-9919-d93d9724f1c1 user=SA
2025-02-21 00:10:35 INFO  com.zaxxer.hikari.HikariDataSource - HikariPool-2 - Start completed.
2025-02-21 00:10:35 INFO  o.h.jpa.internal.util.LogHelper - HHH000204: Processing PersistenceUnitInfo [name: default]
2025-02-21 00:10:35 INFO  o.h.b.i.BytecodeProviderInitiator - HHH000021: Bytecode provider name : bytebuddy
2025-02-21 00:10:35 INFO  o.s.o.j.p.SpringPersistenceUnitInfo - No LoadTimeWeaver setup: ignoring JPA class transformer
2025-02-21 00:10:35 INFO  SQL dialect - HHH000400: Using dialect: org.hibernate.dialect.H2Dialect
2025-02-21 00:10:35 INFO  o.h.b.i.BytecodeProviderInitiator - HHH000021: Bytecode provider name : bytebuddy
2025-02-21 00:10:35 INFO  o.h.e.t.j.p.i.JtaPlatformInitiator - HHH000490: Using JtaPlatform implementation: [org.hibernate.engine.transaction.jta.platform.internal.NoJtaPlatform]
2025-02-21 00:10:35 INFO  o.h.t.s.i.e.GenerationTargetToDatabase - HHH000476: Executing script '[injected ScriptSourceInputNonExistentImpl script]'
2025-02-21 00:10:35 INFO  o.s.o.j.LocalContainerEntityManagerFactoryBean - Initialized JPA EntityManagerFactory for persistence unit 'default'
2025-02-21 00:10:35 WARN  o.s.b.a.o.j.JpaBaseConfiguration$JpaWebConfiguration - spring.jpa.open-in-view is enabled by default. Therefore, database queries may be performed during view rendering. Explicitly configure spring.jpa.open-in-view to disable this warning
2025-02-21 00:10:36 WARN  o.s.b.a.s.s.UserDetailsServiceAutoConfiguration - 

Using generated security password: 3a8c54b0-f13d-4791-88c8-04c5cd802c71

This generated password is for development use only. Your security configuration must be updated before running your application in production.

2025-02-21 00:10:36 INFO  o.s.s.c.a.a.c.InitializeUserDetailsBeanManagerConfigurer$InitializeUserDetailsManagerConfigurer - Global AuthenticationManager configured with UserDetailsService bean with name inMemoryUserDetailsManager
2025-02-21 00:10:36 INFO  o.s.b.t.m.w.SpringBootMockServletContext - Initializing Spring TestDispatcherServlet ''
2025-02-21 00:10:36 INFO  o.s.t.w.s.TestDispatcherServlet - Initializing Servlet ''
2025-02-21 00:10:36 INFO  o.s.t.w.s.TestDispatcherServlet - Completed initialization in 2 ms
2025-02-21 00:10:36 INFO  c.e.c.c.DriverControllerIntegrationTest - Started DriverControllerIntegrationTest in 2.265 seconds (process running for 20.657)
2025-02-21 00:10:36 INFO  c.e.core.controller.DriverController - Fetching profile of driver with id:1
2025-02-21 00:10:37 INFO  c.e.core.controller.DriverController - Deleting driver with:2
2025-02-21 00:10:37 INFO  c.e.core.controller.DriverController - Editing profile of driver with id:3
2025-02-21 00:10:37 INFO  c.e.core.controller.DriverController - Rating driver with id:4 with rating:5
2025-02-21 00:10:37 INFO  c.e.core.controller.DriverController - Registering new driver:DriverDto(id=null, name=Test Name, licenseNumber=12345, rating=5)
2025-02-21 00:10:37 INFO  o.s.o.j.LocalContainerEntityManagerFactoryBean - Closing JPA EntityManagerFactory for persistence unit 'default'
2025-02-21 00:10:37 INFO  o.h.t.s.i.SchemaDropperImpl$DelayedDropActionImpl - HHH000477: Starting delayed evictData of schema as part of SessionFactory shut-down'
2025-02-21 00:10:37 INFO  com.zaxxer.hikari.HikariDataSource - HikariPool-1 - Shutdown initiated...
2025-02-21 00:10:37 INFO  com.zaxxer.hikari.HikariDataSource - HikariPool-1 - Shutdown completed.
2025-02-21 00:10:37 INFO  o.s.o.j.LocalContainerEntityManagerFactoryBean - Closing JPA EntityManagerFactory for persistence unit 'default'
2025-02-21 00:10:37 INFO  o.h.t.s.i.SchemaDropperImpl$DelayedDropActionImpl - HHH000477: Starting delayed evictData of schema as part of SessionFactory shut-down'
2025-02-21 00:10:37 INFO  o.s.o.j.LocalContainerEntityManagerFactoryBean - Closing JPA EntityManagerFactory for persistence unit 'default'
2025-02-21 00:10:37 INFO  o.h.t.s.i.SchemaDropperImpl$DelayedDropActionImpl - HHH000477: Starting delayed evictData of schema as part of SessionFactory shut-down'
2025-02-21 00:10:37 INFO  com.zaxxer.hikari.HikariDataSource - HikariPool-2 - Shutdown initiated...
2025-02-21 00:10:37 INFO  com.zaxxer.hikari.HikariDataSource - HikariPool-2 - Shutdown completed.
2025-02-21 00:10:59 INFO  c.e.core.controller.DriverController - Fetching profile of driver with id:1
2025-02-21 00:10:59 INFO  c.e.core.controller.DriverController - Deleting driver with:1
2025-02-21 00:10:59 INFO  c.e.core.controller.DriverController - Editing profile of driver with id:1
2025-02-21 00:10:59 INFO  c.e.core.controller.DriverController - Rating driver with id:1 with rating:5
2025-02-21 00:10:59 INFO  c.e.core.controller.DriverController - Registering new driver:DriverDto(id=null, name=null, licenseNumber=null, rating=0)
2025-02-21 00:11:57 INFO  o.h.validator.internal.util.Version - HV000001: Hibernate Validator 7.0.1.Final
2025-02-21 00:11:57 INFO  com.example.core.DriverApplication - Starting DriverApplication using Java 23 with PID 16528 (C:\Modsen\Spring_Resources\Spring_Resources\Spring_Resources\driver-service\target\classes started by –ú–∞—Ä–∏—è in C:\Modsen\Spring_Resources\Spring_Resources\Spring_Resources\driver-service)
2025-02-21 00:11:57 INFO  com.example.core.DriverApplication - No active profile set, falling back to 1 default profile: "default"
2025-02-21 00:11:57 INFO  o.s.b.d.e.DevToolsPropertyDefaultsPostProcessor - Devtools property defaults active! Set 'spring.devtools.add-properties' to 'false' to disable
2025-02-21 00:11:57 INFO  o.s.b.d.e.DevToolsPropertyDefaultsPostProcessor - For additional web related logging consider setting the 'logging.level.web' property to 'DEBUG'
2025-02-21 00:11:59 INFO  o.s.d.r.c.RepositoryConfigurationDelegate - Bootstrapping Spring Data JPA repositories in DEFAULT mode.
2025-02-21 00:11:59 INFO  o.s.d.r.c.RepositoryConfigurationDelegate - Finished Spring Data repository scanning in 78 ms. Found 1 JPA repository interface.
2025-02-21 00:12:01 INFO  o.s.b.w.e.tomcat.TomcatWebServer - Tomcat initialized with port 8081 (http)
2025-02-21 00:12:01 INFO  o.a.coyote.http11.Http11NioProtocol - Initializing ProtocolHandler ["http-nio-8081"]
2025-02-21 00:12:01 INFO  o.a.catalina.core.StandardService - Starting service [Tomcat]
2025-02-21 00:12:01 INFO  o.a.catalina.core.StandardEngine - Starting Servlet engine: [Apache Tomcat/10.1.34]
2025-02-21 00:12:01 INFO  o.a.c.c.C.[Tomcat].[localhost].[/] - Initializing Spring embedded WebApplicationContext
2025-02-21 00:12:01 INFO  o.s.b.w.s.c.ServletWebServerApplicationContext - Root WebApplicationContext: initialization completed in 3768 ms
2025-02-21 00:12:01 WARN  o.s.b.w.s.c.AnnotationConfigServletWebServerApplicationContext - Exception encountered during context initialization - cancelling refresh attempt: org.springframework.beans.factory.BeanCreationException: Error creating bean with name 'entityManagerFactory' defined in class path resource [org/springframework/boot/autoconfigure/orm/jpa/HibernateJpaConfiguration.class]: Failed to initialize dependency 'dataSourceScriptDatabaseInitializer' of LoadTimeWeaverAware bean 'entityManagerFactory': Error creating bean with name 'dataSourceScriptDatabaseInitializer' defined in class path resource [org/springframework/boot/autoconfigure/sql/init/DataSourceInitializationConfiguration.class]: Unsatisfied dependency expressed through method 'dataSourceScriptDatabaseInitializer' parameter 0: Error creating bean with name 'dataSource' defined in class path resource [org/springframework/boot/autoconfigure/jdbc/DataSourceConfiguration$Hikari.class]: Failed to instantiate [com.zaxxer.hikari.HikariDataSource]: Factory method 'dataSource' threw exception with message: Failed to determine a suitable driver class
2025-02-21 00:12:01 INFO  o.a.catalina.core.StandardService - Stopping service [Tomcat]
2025-02-21 00:12:01 INFO  o.s.b.a.l.ConditionEvaluationReportLogger - 

Error starting ApplicationContext. To display the condition evaluation report re-run your application with 'debug' enabled.
2025-02-21 00:12:01 ERROR o.s.b.d.LoggingFailureAnalysisReporter - 

***************************
APPLICATION FAILED TO START
***************************

Description:

Failed to configure a DataSource: 'url' attribute is not specified and no embedded datasource could be configured.

Reason: Failed to determine a suitable driver class


Action:

Consider the following:
	If you want an embedded database (H2, HSQL or Derby), please put it on the classpath.
	If you have database settings to be loaded from a particular profile you may need to activate it (no profiles are currently active).

2025-02-21 00:16:51 ERROR o.s.boot.SpringApplication - Application run failed
org.springframework.boot.context.config.InvalidConfigDataPropertyException: Property 'spring.profiles' imported from location 'class path resource [application-dev.yaml]' is invalid and should be replaced with 'spring.config.activate.on-profile' [origin: class path resource [application-dev.yaml] - 2:13]
	at org.springframework.boot.context.config.InvalidConfigDataPropertyException.lambda$throwIfPropertyFound$0(InvalidConfigDataPropertyException.java:113)
	at java.base/java.util.LinkedHashMap.forEach(LinkedHashMap.java:987)
	at java.base/java.util.Collections$UnmodifiableMap.forEach(Collections.java:1708)
	at org.springframework.boot.context.config.InvalidConfigDataPropertyException.throwIfPropertyFound(InvalidConfigDataPropertyException.java:109)
	at org.springframework.boot.context.config.ConfigDataEnvironment.checkForInvalidProperties(ConfigDataEnvironment.java:367)
	at org.springframework.boot.context.config.ConfigDataEnvironment.applyToEnvironment(ConfigDataEnvironment.java:331)
	at org.springframework.boot.context.config.ConfigDataEnvironment.processAndApply(ConfigDataEnvironment.java:238)
	at org.springframework.boot.context.config.ConfigDataEnvironmentPostProcessor.postProcessEnvironment(ConfigDataEnvironmentPostProcessor.java:96)
	at org.springframework.boot.context.config.ConfigDataEnvironmentPostProcessor.postProcessEnvironment(ConfigDataEnvironmentPostProcessor.java:89)
	at org.springframework.boot.env.EnvironmentPostProcessorApplicationListener.onApplicationEnvironmentPreparedEvent(EnvironmentPostProcessorApplicationListener.java:132)
	at org.springframework.boot.env.EnvironmentPostProcessorApplicationListener.onApplicationEvent(EnvironmentPostProcessorApplicationListener.java:115)
	at org.springframework.context.event.SimpleApplicationEventMulticaster.doInvokeListener(SimpleApplicationEventMulticaster.java:185)
	at org.springframework.context.event.SimpleApplicationEventMulticaster.invokeListener(SimpleApplicationEventMulticaster.java:178)
	at org.springframework.context.event.SimpleApplicationEventMulticaster.multicastEvent(SimpleApplicationEventMulticaster.java:156)
	at org.springframework.context.event.SimpleApplicationEventMulticaster.multicastEvent(SimpleApplicationEventMulticaster.java:138)
	at org.springframework.boot.context.event.EventPublishingRunListener.multicastInitialEvent(EventPublishingRunListener.java:136)
	at org.springframework.boot.context.event.EventPublishingRunListener.environmentPrepared(EventPublishingRunListener.java:81)
	at org.springframework.boot.SpringApplicationRunListeners.lambda$environmentPrepared$2(SpringApplicationRunListeners.java:64)
	at java.base/java.lang.Iterable.forEach(Iterable.java:75)
	at org.springframework.boot.SpringApplicationRunListeners.doWithListeners(SpringApplicationRunListeners.java:118)
	at org.springframework.boot.SpringApplicationRunListeners.doWithListeners(SpringApplicationRunListeners.java:112)
	at org.springframework.boot.SpringApplicationRunListeners.environmentPrepared(SpringApplicationRunListeners.java:63)
	at org.springframework.boot.SpringApplication.prepareEnvironment(SpringApplication.java:353)
	at org.springframework.boot.SpringApplication.run(SpringApplication.java:313)
	at org.springframework.boot.SpringApplication.run(SpringApplication.java:1361)
	at org.springframework.boot.SpringApplication.run(SpringApplication.java:1350)
	at com.example.core.DriverApplication.main(DriverApplication.java:10)
	at java.base/jdk.internal.reflect.DirectMethodHandleAccessor.invoke(DirectMethodHandleAccessor.java:103)
	at java.base/java.lang.reflect.Method.invoke(Method.java:580)
	at org.springframework.boot.devtools.restart.RestartLauncher.run(RestartLauncher.java:50)
2025-02-21 00:18:12 INFO  o.h.validator.internal.util.Version - HV000001: Hibernate Validator 7.0.1.Final
2025-02-21 00:18:12 INFO  com.example.core.DriverApplication - Starting DriverApplication using Java 23 with PID 18564 (C:\Modsen\Spring_Resources\Spring_Resources\Spring_Resources\driver-service\target\classes started by –ú–∞—Ä–∏—è in C:\Modsen\Spring_Resources\Spring_Resources\Spring_Resources\driver-service)
2025-02-21 00:18:12 INFO  com.example.core.DriverApplication - The following 1 profile is active: "dev"
2025-02-21 00:18:12 INFO  o.s.b.d.e.DevToolsPropertyDefaultsPostProcessor - Devtools property defaults active! Set 'spring.devtools.add-properties' to 'false' to disable
2025-02-21 00:18:12 INFO  o.s.b.d.e.DevToolsPropertyDefaultsPostProcessor - For additional web related logging consider setting the 'logging.level.web' property to 'DEBUG'
2025-02-21 00:18:14 INFO  o.s.d.r.c.RepositoryConfigurationDelegate - Bootstrapping Spring Data JPA repositories in DEFAULT mode.
2025-02-21 00:18:14 INFO  o.s.d.r.c.RepositoryConfigurationDelegate - Finished Spring Data repository scanning in 81 ms. Found 1 JPA repository interface.
2025-02-21 00:18:16 INFO  o.s.b.w.e.tomcat.TomcatWebServer - Tomcat initialized with port 8081 (http)
2025-02-21 00:18:16 INFO  o.a.coyote.http11.Http11NioProtocol - Initializing ProtocolHandler ["http-nio-8081"]
2025-02-21 00:18:16 INFO  o.a.catalina.core.StandardService - Starting service [Tomcat]
2025-02-21 00:18:16 INFO  o.a.catalina.core.StandardEngine - Starting Servlet engine: [Apache Tomcat/10.1.34]
2025-02-21 00:18:16 INFO  o.a.c.c.C.[Tomcat].[localhost].[/] - Initializing Spring embedded WebApplicationContext
2025-02-21 00:18:16 INFO  o.s.b.w.s.c.ServletWebServerApplicationContext - Root WebApplicationContext: initialization completed in 3691 ms
2025-02-21 00:18:17 INFO  o.h.jpa.internal.util.LogHelper - HHH000204: Processing PersistenceUnitInfo [name: default]
2025-02-21 00:18:17 INFO  org.hibernate.Version - HHH000412: Hibernate ORM core version 6.2.0.Final
2025-02-21 00:18:17 INFO  org.hibernate.cfg.Environment - HHH000406: Using bytecode reflection optimizer
2025-02-21 00:18:17 INFO  o.h.b.i.BytecodeProviderInitiator - HHH000021: Bytecode provider name : bytebuddy
2025-02-21 00:18:17 INFO  o.s.o.j.p.SpringPersistenceUnitInfo - No LoadTimeWeaver setup: ignoring JPA class transformer
2025-02-21 00:18:17 INFO  com.zaxxer.hikari.HikariDataSource - HikariPool-1 - Starting...
2025-02-21 00:18:18 INFO  com.zaxxer.hikari.pool.HikariPool - HikariPool-1 - Added connection org.postgresql.jdbc.PgConnection@49ac3e3f
2025-02-21 00:18:18 INFO  com.zaxxer.hikari.HikariDataSource - HikariPool-1 - Start completed.
2025-02-21 00:18:18 INFO  SQL dialect - HHH000400: Using dialect: org.hibernate.dialect.PostgreSQLDialect
2025-02-21 00:18:18 INFO  o.h.b.i.BytecodeProviderInitiator - HHH000021: Bytecode provider name : bytebuddy
2025-02-21 00:18:19 INFO  o.h.e.t.j.p.i.JtaPlatformInitiator - HHH000490: Using JtaPlatform implementation: [org.hibernate.engine.transaction.jta.platform.internal.NoJtaPlatform]
2025-02-21 00:18:19 INFO  o.s.o.j.LocalContainerEntityManagerFactoryBean - Initialized JPA EntityManagerFactory for persistence unit 'default'
2025-02-21 00:18:20 WARN  o.s.b.a.o.j.JpaBaseConfiguration$JpaWebConfiguration - spring.jpa.open-in-view is enabled by default. Therefore, database queries may be performed during view rendering. Explicitly configure spring.jpa.open-in-view to disable this warning
2025-02-21 00:18:21 WARN  o.s.b.a.s.s.UserDetailsServiceAutoConfiguration - 

Using generated security password: 2f484a42-a09a-43d3-a730-5da47f99b966

This generated password is for development use only. Your security configuration must be updated before running your application in production.

2025-02-21 00:18:21 INFO  o.s.s.c.a.a.c.InitializeUserDetailsBeanManagerConfigurer$InitializeUserDetailsManagerConfigurer - Global AuthenticationManager configured with UserDetailsService bean with name inMemoryUserDetailsManager
2025-02-21 00:18:23 WARN  o.s.b.d.a.OptionalLiveReloadServer - Unable to start LiveReload server
2025-02-21 00:18:23 INFO  o.a.coyote.http11.Http11NioProtocol - Starting ProtocolHandler ["http-nio-8081"]
2025-02-21 00:18:23 INFO  o.s.b.w.e.tomcat.TomcatWebServer - Tomcat started on port 8081 (http) with context path '/'
2025-02-21 00:18:23 INFO  com.example.core.DriverApplication - Started DriverApplication in 11.378 seconds (process running for 12.948)
2025-02-21 00:25:26 INFO  o.a.c.c.C.[Tomcat].[localhost].[/] - Initializing Spring DispatcherServlet 'dispatcherServlet'
2025-02-21 00:25:26 INFO  o.s.web.servlet.DispatcherServlet - Initializing Servlet 'dispatcherServlet'
2025-02-21 00:25:26 INFO  o.s.web.servlet.DispatcherServlet - Completed initialization in 113 ms
2025-02-21 00:25:26 INFO  c.e.core.controller.DriverController - Registering new driver:DriverDto(id=null, name=Masha, licenseNumber=123489, rating=5)
2025-02-21 00:37:09 INFO  o.s.b.w.e.tomcat.GracefulShutdown - Commencing graceful shutdown. Waiting for active requests to complete
2025-02-21 00:37:09 INFO  o.s.b.w.e.tomcat.GracefulShutdown - Graceful shutdown complete
2025-02-21 00:37:09 INFO  o.s.o.j.LocalContainerEntityManagerFactoryBean - Closing JPA EntityManagerFactory for persistence unit 'default'
2025-02-21 00:37:09 INFO  com.zaxxer.hikari.HikariDataSource - HikariPool-1 - Shutdown initiated...
2025-02-21 00:37:09 INFO  com.zaxxer.hikari.HikariDataSource - HikariPool-1 - Shutdown completed.
2025-02-21 01:58:12 INFO  o.s.t.c.s.AnnotationConfigContextLoaderUtils - Could not detect default configuration classes for test class [com.example.core.controller.DriverControllerIntegrationTest]: DriverControllerIntegrationTest does not declare any static, non-private, non-final, nested classes annotated with @Configuration.
2025-02-21 01:58:12 INFO  o.s.b.t.c.SpringBootTestContextBootstrapper - Found @SpringBootConfiguration com.example.core.DriverApplication for test class com.example.core.controller.DriverControllerIntegrationTest
2025-02-21 01:58:12 INFO  o.s.b.d.r.RestartApplicationListener - Restart disabled due to context in which it is running
2025-02-21 01:58:13 INFO  o.h.validator.internal.util.Version - HV000001: Hibernate Validator 7.0.1.Final
2025-02-21 01:58:13 INFO  c.e.c.c.DriverControllerIntegrationTest - Starting DriverControllerIntegrationTest using Java 17.0.12 with PID 3896 (started by Ã‡Ëˇ in C:\Modsen\Spring_Resources\Spring_Resources\Spring_Resources\driver-service)
2025-02-21 01:58:13 INFO  c.e.c.c.DriverControllerIntegrationTest - The following 1 profile is active: "dev"
2025-02-21 01:58:15 INFO  o.s.d.r.c.RepositoryConfigurationDelegate - Bootstrapping Spring Data JPA repositories in DEFAULT mode.
2025-02-21 01:58:15 INFO  o.s.d.r.c.RepositoryConfigurationDelegate - Finished Spring Data repository scanning in 113 ms. Found 1 JPA repository interface.
2025-02-21 01:58:16 INFO  o.h.jpa.internal.util.LogHelper - HHH000204: Processing PersistenceUnitInfo [name: default]
2025-02-21 01:58:16 INFO  org.hibernate.Version - HHH000412: Hibernate ORM core version 6.2.0.Final
2025-02-21 01:58:16 INFO  org.hibernate.cfg.Environment - HHH000406: Using bytecode reflection optimizer
2025-02-21 01:58:17 INFO  o.h.b.i.BytecodeProviderInitiator - HHH000021: Bytecode provider name : bytebuddy
2025-02-21 01:58:17 INFO  o.s.o.j.p.SpringPersistenceUnitInfo - No LoadTimeWeaver setup: ignoring JPA class transformer
2025-02-21 01:58:17 INFO  com.zaxxer.hikari.HikariDataSource - HikariPool-1 - Starting...
2025-02-21 01:58:18 INFO  com.zaxxer.hikari.pool.HikariPool - HikariPool-1 - Added connection org.postgresql.jdbc.PgConnection@43fe2008
2025-02-21 01:58:18 INFO  com.zaxxer.hikari.HikariDataSource - HikariPool-1 - Start completed.
2025-02-21 01:58:18 INFO  SQL dialect - HHH000400: Using dialect: org.hibernate.dialect.PostgreSQLDialect
2025-02-21 01:58:18 INFO  o.h.b.i.BytecodeProviderInitiator - HHH000021: Bytecode provider name : bytebuddy
2025-02-21 01:58:20 INFO  o.h.e.t.j.p.i.JtaPlatformInitiator - HHH000490: Using JtaPlatform implementation: [org.hibernate.engine.transaction.jta.platform.internal.NoJtaPlatform]
2025-02-21 01:58:20 INFO  o.s.o.j.LocalContainerEntityManagerFactoryBean - Initialized JPA EntityManagerFactory for persistence unit 'default'
2025-02-21 01:58:21 WARN  o.s.b.a.o.j.JpaBaseConfiguration$JpaWebConfiguration - spring.jpa.open-in-view is enabled by default. Therefore, database queries may be performed during view rendering. Explicitly configure spring.jpa.open-in-view to disable this warning
2025-02-21 01:58:21 WARN  o.s.b.a.s.s.UserDetailsServiceAutoConfiguration - 

Using generated security password: 5dcb3269-e591-43d7-b6e4-e5c147ed5621

This generated password is for development use only. Your security configuration must be updated before running your application in production.

2025-02-21 01:58:21 INFO  o.s.s.c.a.a.c.InitializeUserDetailsBeanManagerConfigurer$InitializeUserDetailsManagerConfigurer - Global AuthenticationManager configured with UserDetailsService bean with name inMemoryUserDetailsManager
2025-02-21 01:58:23 INFO  o.s.b.t.m.w.SpringBootMockServletContext - Initializing Spring TestDispatcherServlet ''
2025-02-21 01:58:23 INFO  o.s.t.w.s.TestDispatcherServlet - Initializing Servlet ''
2025-02-21 01:58:23 INFO  o.s.t.w.s.TestDispatcherServlet - Completed initialization in 2 ms
2025-02-21 01:58:23 INFO  c.e.c.c.DriverControllerIntegrationTest - Started DriverControllerIntegrationTest in 10.752 seconds (process running for 13.612)
2025-02-21 01:58:24 INFO  c.e.core.controller.DriverController - Fetching profile of driver with id:5
2025-02-21 01:58:25 INFO  c.e.core.controller.DriverController - Deleting driver with:6
2025-02-21 01:58:25 INFO  c.e.core.controller.DriverController - Editing profile of driver with id:7
2025-02-21 01:58:25 INFO  c.e.core.controller.DriverController - Rating driver with id:8 with rating:5
2025-02-21 01:58:25 INFO  c.e.core.controller.DriverController - Registering new driver:DriverDto(id=null, name=Test Name, licenseNumber=12345, rating=5)
2025-02-21 01:58:26 INFO  c.e.core.controller.DriverController - Fetching profile of driver with id:1
2025-02-21 01:58:26 INFO  c.e.core.controller.DriverController - Deleting driver with:1
2025-02-21 01:58:26 INFO  c.e.core.controller.DriverController - Editing profile of driver with id:1
2025-02-21 01:58:26 INFO  c.e.core.controller.DriverController - Rating driver with id:1 with rating:5
2025-02-21 01:58:26 INFO  c.e.core.controller.DriverController - Registering new driver:DriverDto(id=null, name=null, licenseNumber=null, rating=0)
2025-02-21 01:58:26 INFO  o.s.t.c.s.AnnotationConfigContextLoaderUtils - Could not detect default configuration classes for test class [com.example.core.DriverApplicationTests]: DriverApplicationTests does not declare any static, non-private, non-final, nested classes annotated with @Configuration.
2025-02-21 01:58:26 INFO  o.s.b.t.c.SpringBootTestContextBootstrapper - Found @SpringBootConfiguration com.example.core.DriverApplication for test class com.example.core.DriverApplicationTests
2025-02-21 01:58:26 INFO  o.s.b.d.r.RestartApplicationListener - Restart disabled due to context in which it is running
2025-02-21 01:58:26 INFO  c.e.core.DriverApplicationTests - Starting DriverApplicationTests using Java 17.0.12 with PID 3896 (started by Ã‡Ëˇ in C:\Modsen\Spring_Resources\Spring_Resources\Spring_Resources\driver-service)
2025-02-21 01:58:26 INFO  c.e.core.DriverApplicationTests - The following 1 profile is active: "dev"
2025-02-21 01:58:27 INFO  o.s.d.r.c.RepositoryConfigurationDelegate - Bootstrapping Spring Data JPA repositories in DEFAULT mode.
2025-02-21 01:58:27 INFO  o.s.d.r.c.RepositoryConfigurationDelegate - Finished Spring Data repository scanning in 44 ms. Found 1 JPA repository interface.
2025-02-21 01:58:28 INFO  o.h.jpa.internal.util.LogHelper - HHH000204: Processing PersistenceUnitInfo [name: default]
2025-02-21 01:58:28 INFO  o.h.b.i.BytecodeProviderInitiator - HHH000021: Bytecode provider name : bytebuddy
2025-02-21 01:58:28 INFO  o.s.o.j.p.SpringPersistenceUnitInfo - No LoadTimeWeaver setup: ignoring JPA class transformer
2025-02-21 01:58:28 INFO  com.zaxxer.hikari.HikariDataSource - HikariPool-2 - Starting...
2025-02-21 01:58:28 INFO  com.zaxxer.hikari.pool.HikariPool - HikariPool-2 - Added connection org.postgresql.jdbc.PgConnection@1e4dc9fc
2025-02-21 01:58:28 INFO  com.zaxxer.hikari.HikariDataSource - HikariPool-2 - Start completed.
2025-02-21 01:58:28 INFO  SQL dialect - HHH000400: Using dialect: org.hibernate.dialect.PostgreSQLDialect
2025-02-21 01:58:28 INFO  o.h.b.i.BytecodeProviderInitiator - HHH000021: Bytecode provider name : bytebuddy
2025-02-21 01:58:28 INFO  o.h.e.t.j.p.i.JtaPlatformInitiator - HHH000490: Using JtaPlatform implementation: [org.hibernate.engine.transaction.jta.platform.internal.NoJtaPlatform]
2025-02-21 01:58:28 INFO  o.s.o.j.LocalContainerEntityManagerFactoryBean - Initialized JPA EntityManagerFactory for persistence unit 'default'
2025-02-21 01:58:29 WARN  o.s.b.a.o.j.JpaBaseConfiguration$JpaWebConfiguration - spring.jpa.open-in-view is enabled by default. Therefore, database queries may be performed during view rendering. Explicitly configure spring.jpa.open-in-view to disable this warning
2025-02-21 01:58:29 WARN  o.s.b.a.s.s.UserDetailsServiceAutoConfiguration - 

Using generated security password: 7137f6aa-e6a3-49f5-b48c-696688d64a8c

This generated password is for development use only. Your security configuration must be updated before running your application in production.

2025-02-21 01:58:29 INFO  o.s.s.c.a.a.c.InitializeUserDetailsBeanManagerConfigurer$InitializeUserDetailsManagerConfigurer - Global AuthenticationManager configured with UserDetailsService bean with name inMemoryUserDetailsManager
2025-02-21 01:58:32 INFO  c.e.core.DriverApplicationTests - Started DriverApplicationTests in 5.638 seconds (process running for 22.221)
2025-02-21 01:58:32 INFO  o.s.t.c.s.AnnotationConfigContextLoaderUtils - Could not detect default configuration classes for test class [com.example.core.repository.DriverRepositoryTest]: DriverRepositoryTest does not declare any static, non-private, non-final, nested classes annotated with @Configuration.
2025-02-21 01:58:32 INFO  o.s.b.t.c.SpringBootTestContextBootstrapper - Found @SpringBootConfiguration com.example.core.DriverApplication for test class com.example.core.repository.DriverRepositoryTest
2025-02-21 01:58:32 INFO  o.s.b.d.r.RestartApplicationListener - Restart disabled due to context in which it is running
2025-02-21 01:58:32 INFO  c.e.c.r.DriverRepositoryTest - Starting DriverRepositoryTest using Java 17.0.12 with PID 3896 (started by Ã‡Ëˇ in C:\Modsen\Spring_Resources\Spring_Resources\Spring_Resources\driver-service)
2025-02-21 01:58:32 INFO  c.e.c.r.DriverRepositoryTest - The following 1 profile is active: "dev"
2025-02-21 01:58:32 INFO  o.s.d.r.c.RepositoryConfigurationDelegate - Bootstrapping Spring Data JPA repositories in DEFAULT mode.
2025-02-21 01:58:32 INFO  o.s.d.r.c.RepositoryConfigurationDelegate - Finished Spring Data repository scanning in 36 ms. Found 1 JPA repository interface.
2025-02-21 01:58:32 INFO  o.s.b.t.a.j.TestDatabaseAutoConfiguration$EmbeddedDataSourceBeanFactoryPostProcessor - Replacing 'dataSource' DataSource bean with embedded version
2025-02-21 01:58:33 INFO  o.s.j.d.e.EmbeddedDatabaseFactory - Starting embedded database: url='jdbc:h2:mem:2896bdf2-70dd-48eb-975b-00732b3ed05d;DB_CLOSE_DELAY=-1;DB_CLOSE_ON_EXIT=false', username='sa'
2025-02-21 01:58:33 INFO  o.h.jpa.internal.util.LogHelper - HHH000204: Processing PersistenceUnitInfo [name: default]
2025-02-21 01:58:33 INFO  o.h.b.i.BytecodeProviderInitiator - HHH000021: Bytecode provider name : bytebuddy
2025-02-21 01:58:33 INFO  o.s.o.j.p.SpringPersistenceUnitInfo - No LoadTimeWeaver setup: ignoring JPA class transformer
2025-02-21 01:58:34 WARN  org.hibernate.dialect.Dialect - HHH000511: The 2.3.0 version for [org.hibernate.dialect.PostgreSQLDialect] is no longer supported, hence certain features may not work properly. The minimum supported version is 10.0.0. Check the community dialects project for available legacy versions.
2025-02-21 01:58:34 INFO  SQL dialect - HHH000400: Using dialect: org.hibernate.dialect.PostgreSQLDialect
2025-02-21 01:58:34 INFO  o.h.b.i.BytecodeProviderInitiator - HHH000021: Bytecode provider name : bytebuddy
2025-02-21 01:58:34 INFO  o.h.e.t.j.p.i.JtaPlatformInitiator - HHH000490: Using JtaPlatform implementation: [org.hibernate.engine.transaction.jta.platform.internal.NoJtaPlatform]
2025-02-21 01:58:34 INFO  o.s.o.j.LocalContainerEntityManagerFactoryBean - Initialized JPA EntityManagerFactory for persistence unit 'default'
2025-02-21 01:58:34 INFO  c.e.c.r.DriverRepositoryTest - Started DriverRepositoryTest in 2.121 seconds (process running for 24.547)
2025-02-21 01:58:34 INFO  o.s.t.c.s.AnnotationConfigContextLoaderUtils - Could not detect default configuration classes for test class [com.example.core.service.DriverServiceIntegrationTest]: DriverServiceIntegrationTest does not declare any static, non-private, non-final, nested classes annotated with @Configuration.
2025-02-21 01:58:34 INFO  o.s.b.t.c.SpringBootTestContextBootstrapper - Found @SpringBootConfiguration com.example.core.DriverApplication for test class com.example.core.service.DriverServiceIntegrationTest
2025-02-21 01:58:35 INFO  o.s.o.j.LocalContainerEntityManagerFactoryBean - Closing JPA EntityManagerFactory for persistence unit 'default'
2025-02-21 01:58:35 INFO  com.zaxxer.hikari.HikariDataSource - HikariPool-1 - Shutdown initiated...
2025-02-21 01:58:35 INFO  com.zaxxer.hikari.HikariDataSource - HikariPool-1 - Shutdown completed.
2025-02-21 01:58:35 INFO  o.s.o.j.LocalContainerEntityManagerFactoryBean - Closing JPA EntityManagerFactory for persistence unit 'default'
2025-02-21 01:58:35 INFO  com.zaxxer.hikari.HikariDataSource - HikariPool-2 - Shutdown initiated...
2025-02-21 01:58:35 INFO  com.zaxxer.hikari.HikariDataSource - HikariPool-2 - Shutdown completed.
2025-02-21 01:58:35 INFO  o.s.o.j.LocalContainerEntityManagerFactoryBean - Closing JPA EntityManagerFactory for persistence unit 'default'
